<?xml version="1.0" encoding="UTF-8"?>
<!-- Generated by org.testng.reporters.JUnitReportReporter -->
<testsuite name="test.RemoteRunCheck" tests="12" time="0.078" ignored="0" failures="0" timestamp="24 Mar 2017 05:19:49 GMT" skipped="11" hostname="Gokul" errors="1">
  <testcase name="LaunchURL" time="0.015" classname="test.RemoteRunCheck">
    <skipped/>
  </testcase> <!-- LaunchURL -->
  <testcase name="sectionTwoWhatThekitIncludesCentervalidation" time="0.000" classname="test.RemoteRunCheck">
    <skipped/>
  </testcase> <!-- sectionTwoWhatThekitIncludesCentervalidation -->
  <testcase name="sectionTwoWhatThekitIncludesToolsvalidation" time="0.000" classname="test.RemoteRunCheck">
    <skipped/>
  </testcase> <!-- sectionTwoWhatThekitIncludesToolsvalidation -->
  <testcase name="sectionOneIotStarterKitReferralCodeErrorValidation" time="0.000" classname="test.RemoteRunCheck">
    <skipped/>
  </testcase> <!-- sectionOneIotStarterKitReferralCodeErrorValidation -->
  <testcase name="sectionOneIotStarterKitBellValidation" time="0.016" classname="test.RemoteRunCheck">
    <skipped/>
  </testcase> <!-- sectionOneIotStarterKitBellValidation -->
  <testcase name="sectionTwoWhatThekitIncludesContentvalidation" time="0.000" classname="test.RemoteRunCheck">
    <skipped/>
  </testcase> <!-- sectionTwoWhatThekitIncludesContentvalidation -->
  <testcase name="sectionOneIotStarterKitEnterReferralCodeValidation" time="0.000" classname="test.RemoteRunCheck">
    <skipped/>
  </testcase> <!-- sectionOneIotStarterKitEnterReferralCodeValidation -->
  <testcase name="sectionOneIotStarterKitTrackOrderErrorValidation" time="0.000" classname="test.RemoteRunCheck">
    <skipped/>
  </testcase> <!-- sectionOneIotStarterKitTrackOrderErrorValidation -->
  <testcase name="Setup" time="0.000" classname="test.RemoteRunCheck">
    <error type="org.openqa.selenium.SessionNotCreatedException" message="Unable to create new remote session. desired capabilities = Capabilities [{marionette=true, browserName=firefox, version=47, platform=WIN10}], required capabilities = null
Build info: version: &#039;3.0.0-beta4&#039;, revision: &#039;3169782&#039;, time: &#039;2016-09-29 10:29:23 -0700&#039;
System info: host: &#039;Gokul&#039;, ip: &#039;192.168.1.3&#039;, os.name: &#039;Windows 8&#039;, os.arch: &#039;amd64&#039;, os.version: &#039;6.2&#039;, java.version: &#039;1.8.0_101&#039;
Driver info: driver.version: RemoteWebDriver">
      <![CDATA[org.openqa.selenium.SessionNotCreatedException: Unable to create new remote session. desired capabilities = Capabilities [{marionette=true, browserName=firefox, version=47, platform=WIN10}], required capabilities = null
Build info: version: '3.0.0-beta4', revision: '3169782', time: '2016-09-29 10:29:23 -0700'
System info: host: 'Gokul', ip: '192.168.1.3', os.name: 'Windows 8', os.arch: 'amd64', os.version: '6.2', java.version: '1.8.0_101'
Driver info: driver.version: RemoteWebDriver
	at org.openqa.selenium.remote.ProtocolHandshake.createSession(ProtocolHandshake.java:80)
	at org.openqa.selenium.remote.HttpCommandExecutor.execute(HttpCommandExecutor.java:141)
	at org.openqa.selenium.remote.RemoteWebDriver.execute(RemoteWebDriver.java:602)
	at org.openqa.selenium.remote.RemoteWebDriver.startSession(RemoteWebDriver.java:242)
	at org.openqa.selenium.remote.RemoteWebDriver.<init>(RemoteWebDriver.java:129)
	at org.openqa.selenium.remote.RemoteWebDriver.<init>(RemoteWebDriver.java:156)
	at test.RemoteRunCheck.Setup(RemoteRunCheck.java:32)
	at sun.reflect.NativeMethodAccessorImpl.invoke0(Native Method)
	at sun.reflect.NativeMethodAccessorImpl.invoke(NativeMethodAccessorImpl.java:62)
	at sun.reflect.DelegatingMethodAccessorImpl.invoke(DelegatingMethodAccessorImpl.java:43)
	at java.lang.reflect.Method.invoke(Method.java:498)
	at org.testng.internal.MethodInvocationHelper.invokeMethod(MethodInvocationHelper.java:104)
	at org.testng.internal.Invoker.invokeConfigurationMethod(Invoker.java:515)
	at org.testng.internal.Invoker.invokeConfigurations(Invoker.java:217)
	at org.testng.internal.Invoker.invokeConfigurations(Invoker.java:144)
	at org.testng.TestRunner.beforeRun(TestRunner.java:634)
	at org.testng.TestRunner.run(TestRunner.java:602)
	at org.testng.SuiteRunner.runTest(SuiteRunner.java:387)
	at org.testng.SuiteRunner.runSequentially(SuiteRunner.java:382)
	at org.testng.SuiteRunner.privateRun(SuiteRunner.java:340)
	at org.testng.SuiteRunner.run(SuiteRunner.java:289)
	at org.testng.SuiteRunnerWorker.runSuite(SuiteRunnerWorker.java:52)
	at org.testng.SuiteRunnerWorker.run(SuiteRunnerWorker.java:86)
	at org.testng.TestNG.runSuitesSequentially(TestNG.java:1293)
	at org.testng.TestNG.runSuitesLocally(TestNG.java:1218)
	at org.testng.TestNG.runSuites(TestNG.java:1133)
	at org.testng.TestNG.run(TestNG.java:1104)
	at org.testng.remote.AbstractRemoteTestNG.run(AbstractRemoteTestNG.java:132)
	at org.testng.remote.RemoteTestNG.initAndRun(RemoteTestNG.java:236)
	at org.testng.remote.RemoteTestNG.main(RemoteTestNG.java:81)
]]>
    </error>
  </testcase> <!-- Setup -->
  <testcase name="validateOperatorLogo" time="0.016" classname="test.RemoteRunCheck">
    <skipped/>
  </testcase> <!-- validateOperatorLogo -->
  <testcase name="sectionOneIotStarterKitTrackOrderValidation" time="0.015" classname="test.RemoteRunCheck">
    <skipped/>
  </testcase> <!-- sectionOneIotStarterKitTrackOrderValidation -->
  <testcase name="sectionTwoWhatThekitIncludesSuppportvalidation" time="0.016" classname="test.RemoteRunCheck">
    <skipped/>
  </testcase> <!-- sectionTwoWhatThekitIncludesSuppportvalidation -->
</testsuite> <!-- test.RemoteRunCheck -->
