<?xml version="1.0" encoding="UTF-8"?>
<!-- Generated by org.testng.reporters.JUnitReportReporter -->
<testsuite name="pages.BellEndToEndFlowTwo" tests="79" time="0.403" ignored="0" failures="0" timestamp="22 Mar 2017 13:08:49 GMT" skipped="78" hostname="Gokul" errors="1">
  <testcase name="TermsOfServicePDFDownload" time="0.005" classname="pages.BellEndToEndFlowTwo">
    <skipped/>
  </testcase> <!-- TermsOfServicePDFDownload -->
  <testcase name="BillingInfoSendInputs" time="0.004" classname="pages.BellEndToEndFlowTwo">
    <skipped/>
  </testcase> <!-- BillingInfoSendInputs -->
  <testcase name="ReviewConfirmBellLogo" time="0.002" classname="pages.BellEndToEndFlowTwo">
    <skipped/>
  </testcase> <!-- ReviewConfirmBellLogo -->
  <testcase name="ShippingInfoBellLogoValidation" time="0.002" classname="pages.BellEndToEndFlowTwo">
    <skipped/>
  </testcase> <!-- ShippingInfoBellLogoValidation -->
  <testcase name="BillingInfoTextvalidation" time="0.003" classname="pages.BellEndToEndFlowTwo">
    <skipped/>
  </testcase> <!-- BillingInfoTextvalidation -->
  <testcase name="BillingInfoMinimumInputValidation" time="0.004" classname="pages.BellEndToEndFlowTwo">
    <skipped/>
  </testcase> <!-- BillingInfoMinimumInputValidation -->
  <testcase name="ShippingInfoRequiredFieldvalidatoin" time="0.003" classname="pages.BellEndToEndFlowTwo">
    <skipped/>
  </testcase> <!-- ShippingInfoRequiredFieldvalidatoin -->
  <testcase name="BackButtonValidation" time="0.007" classname="pages.BellEndToEndFlowTwo">
    <skipped/>
  </testcase> <!-- BackButtonValidation -->
  <testcase name="BillingInfoSpaceNotAllowedvalidatoin" time="0.009" classname="pages.BellEndToEndFlowTwo">
    <skipped/>
  </testcase> <!-- BillingInfoSpaceNotAllowedvalidatoin -->
  <testcase name="YourInfoTextValiadtion" time="0.003" classname="pages.BellEndToEndFlowTwo">
    <skipped/>
  </testcase> <!-- YourInfoTextValiadtion -->
  <testcase name="ShippingInfoMaximumInputValidation" time="0.003" classname="pages.BellEndToEndFlowTwo">
    <skipped/>
  </testcase> <!-- ShippingInfoMaximumInputValidation -->
  <testcase name="OrderSummaryBackToIOTValidation" time="0.003" classname="pages.BellEndToEndFlowTwo">
    <skipped/>
  </testcase> <!-- OrderSummaryBackToIOTValidation -->
  <testcase name="BillingCardDetailsLabelText" time="0.002" classname="pages.BellEndToEndFlowTwo">
    <skipped/>
  </testcase> <!-- BillingCardDetailsLabelText -->
  <testcase name="ShippingInfoTextvalidation" time="0.002" classname="pages.BellEndToEndFlowTwo">
    <skipped/>
  </testcase> <!-- ShippingInfoTextvalidation -->
  <testcase name="shippingInfoLabelText" time="0.009" classname="pages.BellEndToEndFlowTwo">
    <skipped/>
  </testcase> <!-- shippingInfoLabelText -->
  <testcase name="CCUserNameMinMaxValidation" time="0.007" classname="pages.BellEndToEndFlowTwo">
    <skipped/>
  </testcase> <!-- CCUserNameMinMaxValidation -->
  <testcase name="BellLogoValidation" time="0.003" classname="pages.BellEndToEndFlowTwo">
    <skipped/>
  </testcase> <!-- BellLogoValidation -->
  <testcase name="OrderSummarysectionThreeTextValidation" time="0.007" classname="pages.BellEndToEndFlowTwo">
    <skipped/>
  </testcase> <!-- OrderSummarysectionThreeTextValidation -->
  <testcase name="ShippingInfoBackButtonValidation" time="0.003" classname="pages.BellEndToEndFlowTwo">
    <skipped/>
  </testcase> <!-- ShippingInfoBackButtonValidation -->
  <testcase name="BillingInfovalidateCompanyLogo" time="0.002" classname="pages.BellEndToEndFlowTwo">
    <skipped/>
  </testcase> <!-- BillingInfovalidateCompanyLogo -->
  <testcase name="OrderSummaryTrackOrderValidation" time="0.003" classname="pages.BellEndToEndFlowTwo">
    <skipped/>
  </testcase> <!-- OrderSummaryTrackOrderValidation -->
  <testcase name="YourInfoBellLogo" time="0.005" classname="pages.BellEndToEndFlowTwo">
    <skipped/>
  </testcase> <!-- YourInfoBellLogo -->
  <testcase name="YourInfoMinimumInputValidation" time="0.008" classname="pages.BellEndToEndFlowTwo">
    <skipped/>
  </testcase> <!-- YourInfoMinimumInputValidation -->
  <testcase name="ShippingInfovalidateOperatorLogo" time="0.002" classname="pages.BellEndToEndFlowTwo">
    <skipped/>
  </testcase> <!-- ShippingInfovalidateOperatorLogo -->
  <testcase name="ShippingInfoSpaceNotAllowedvalidatoin" time="0.002" classname="pages.BellEndToEndFlowTwo">
    <skipped/>
  </testcase> <!-- ShippingInfoSpaceNotAllowedvalidatoin -->
  <testcase name="CCRequiredFieldValidation" time="0.006" classname="pages.BellEndToEndFlowTwo">
    <skipped/>
  </testcase> <!-- CCRequiredFieldValidation -->
  <testcase name="OrderSummaryHeadertextValidation" time="0.002" classname="pages.BellEndToEndFlowTwo">
    <skipped/>
  </testcase> <!-- OrderSummaryHeadertextValidation -->
  <testcase name="CCPasswordValidation" time="0.004" classname="pages.BellEndToEndFlowTwo">
    <skipped/>
  </testcase> <!-- CCPasswordValidation -->
  <testcase name="OrderSummaryBellLogoValidation" time="0.009" classname="pages.BellEndToEndFlowTwo">
    <skipped/>
  </testcase> <!-- OrderSummaryBellLogoValidation -->
  <testcase name="YourInfoSpaceNotAllowedValiadation" time="0.003" classname="pages.BellEndToEndFlowTwo">
    <skipped/>
  </testcase> <!-- YourInfoSpaceNotAllowedValiadation -->
  <testcase name="OrderSummaryhomePageLinkvalidation" time="0.003" classname="pages.BellEndToEndFlowTwo">
    <skipped/>
  </testcase> <!-- OrderSummaryhomePageLinkvalidation -->
  <testcase name="BillingInfoLabelText" time="0.006" classname="pages.BellEndToEndFlowTwo">
    <skipped/>
  </testcase> <!-- BillingInfoLabelText -->
  <testcase name="YourInfoMaximumInputValidation" time="0.003" classname="pages.BellEndToEndFlowTwo">
    <skipped/>
  </testcase> <!-- YourInfoMaximumInputValidation -->
  <testcase name="YourInfoLabelDisplayedAndEnabled" time="0.007" classname="pages.BellEndToEndFlowTwo">
    <skipped/>
  </testcase> <!-- YourInfoLabelDisplayedAndEnabled -->
  <testcase name="TermsOfServiceTextValidation" time="0.003" classname="pages.BellEndToEndFlowTwo">
    <skipped/>
  </testcase> <!-- TermsOfServiceTextValidation -->
  <testcase name="ReviewConfirmCancelButton" time="0.001" classname="pages.BellEndToEndFlowTwo">
    <skipped/>
  </testcase> <!-- ReviewConfirmCancelButton -->
  <testcase name="CCContentValidation" time="0.006" classname="pages.BellEndToEndFlowTwo">
    <skipped/>
  </testcase> <!-- CCContentValidation -->
  <testcase name="YourInfocancelButton" time="0.005" classname="pages.BellEndToEndFlowTwo">
    <skipped/>
  </testcase> <!-- YourInfocancelButton -->
  <testcase name="ReviewConfirmCompanyLogo" time="0.003" classname="pages.BellEndToEndFlowTwo">
    <skipped/>
  </testcase> <!-- ReviewConfirmCompanyLogo -->
  <testcase name="shippingInfoInputField" time="0.007" classname="pages.BellEndToEndFlowTwo">
    <skipped/>
  </testcase> <!-- shippingInfoInputField -->
  <testcase name="YourInfoBellCaLinkvalidation" time="0.005" classname="pages.BellEndToEndFlowTwo">
    <skipped/>
  </testcase> <!-- YourInfoBellCaLinkvalidation -->
  <testcase name="TermsOfServicePopUpCloseButton" time="0.006" classname="pages.BellEndToEndFlowTwo">
    <skipped/>
  </testcase> <!-- TermsOfServicePopUpCloseButton -->
  <testcase name="OrderSummaryCompanyLogo" time="0.002" classname="pages.BellEndToEndFlowTwo">
    <skipped/>
  </testcase> <!-- OrderSummaryCompanyLogo -->
  <testcase name="orderSummaryShipBillAddressVAlidation" time="0.007" classname="pages.BellEndToEndFlowTwo">
    <skipped/>
  </testcase> <!-- orderSummaryShipBillAddressVAlidation -->
  <testcase name="ShippingEditButtonValidation" time="0.002" classname="pages.BellEndToEndFlowTwo">
    <skipped/>
  </testcase> <!-- ShippingEditButtonValidation -->
  <testcase name="ReviewConfirmShippingBillingAddressValidation" time="0.008" classname="pages.BellEndToEndFlowTwo">
    <skipped/>
  </testcase> <!-- ReviewConfirmShippingBillingAddressValidation -->
  <testcase name="YourInfoRequiredFieldValidation" time="0.008" classname="pages.BellEndToEndFlowTwo">
    <skipped/>
  </testcase> <!-- YourInfoRequiredFieldValidation -->
  <testcase name="YourInfoValidInputValidation" time="0.016" classname="pages.BellEndToEndFlowTwo">
    <skipped/>
  </testcase> <!-- YourInfoValidInputValidation -->
  <testcase name="BillingInfoRequiredFieldvalidatoin" time="0.026" classname="pages.BellEndToEndFlowTwo">
    <skipped/>
  </testcase> <!-- BillingInfoRequiredFieldvalidatoin -->
  <testcase name="OrderSummaryBellLogo" time="0.004" classname="pages.BellEndToEndFlowTwo">
    <skipped/>
  </testcase> <!-- OrderSummaryBellLogo -->
  <testcase name="referralRequestDataValidation" time="0.016" classname="pages.BellEndToEndFlowTwo">
    <skipped/>
  </testcase> <!-- referralRequestDataValidation -->
  <testcase name="YourInfoTextBoxDisplayedAndEnabled" time="0.002" classname="pages.BellEndToEndFlowTwo">
    <skipped/>
  </testcase> <!-- YourInfoTextBoxDisplayedAndEnabled -->
  <testcase name="ShippingInfoLinkButton" time="0.005" classname="pages.BellEndToEndFlowTwo">
    <skipped/>
  </testcase> <!-- ShippingInfoLinkButton -->
  <testcase name="CCDisplayedAndEnabledValidation" time="0.007" classname="pages.BellEndToEndFlowTwo">
    <skipped/>
  </testcase> <!-- CCDisplayedAndEnabledValidation -->
  <testcase name="BillingInfoInputField" time="0.007" classname="pages.BellEndToEndFlowTwo">
    <skipped/>
  </testcase> <!-- BillingInfoInputField -->
  <testcase name="ShippingInfoCancelButtonValidation" time="0.014" classname="pages.BellEndToEndFlowTwo">
    <skipped/>
  </testcase> <!-- ShippingInfoCancelButtonValidation -->
  <testcase name="CancelButtonValidation" time="0.004" classname="pages.BellEndToEndFlowTwo">
    <skipped/>
  </testcase> <!-- CancelButtonValidation -->
  <testcase name="BrowserIntilation" time="0.000" classname="pages.BellEndToEndFlowTwo">
    <error type="org.openqa.selenium.NoSuchElementException" message="Unable to locate element: {&quot;method&quot;:&quot;xpath&quot;,&quot;selector&quot;:&quot;//a[text()=&#039;http://bell.m2m.com &#039;]&quot;}
Command duration or timeout: 171 milliseconds
For documentation on this error, please visit: http://seleniumhq.org/exceptions/no_such_element.html
Build info: version: &#039;3.0.0-beta4&#039;, revision: &#039;3169782&#039;, time: &#039;2016-09-29 10:29:23 -0700&#039;
System info: host: &#039;Gokul&#039;, ip: &#039;192.168.1.9&#039;, os.name: &#039;Windows 8&#039;, os.arch: &#039;amd64&#039;, os.version: &#039;6.2&#039;, java.version: &#039;1.8.0_101&#039;
Driver info: org.openqa.selenium.firefox.FirefoxDriver
Capabilities [{applicationCacheEnabled=true, rotatable=false, handlesAlerts=true, databaseEnabled=true, version=47.0.1, platform=WINDOWS, nativeEvents=false, acceptSslCerts=true, webStorageEnabled=true, locationContextEnabled=true, browserName=firefox, takesScreenshot=true, javascriptEnabled=true, cssSelectorsEnabled=true}]
Session ID: cf7730b7-e70a-4431-8bd3-9a2760c627b2
*** Element info: {Using=xpath, value=//a[text()=&#039;http://bell.m2m.com &#039;]}">
      <![CDATA[org.openqa.selenium.NoSuchElementException: Unable to locate element: {"method":"xpath","selector":"//a[text()='http://bell.m2m.com ']"}
Command duration or timeout: 171 milliseconds
For documentation on this error, please visit: http://seleniumhq.org/exceptions/no_such_element.html
Build info: version: '3.0.0-beta4', revision: '3169782', time: '2016-09-29 10:29:23 -0700'
System info: host: 'Gokul', ip: '192.168.1.9', os.name: 'Windows 8', os.arch: 'amd64', os.version: '6.2', java.version: '1.8.0_101'
Driver info: org.openqa.selenium.firefox.FirefoxDriver
Capabilities [{applicationCacheEnabled=true, rotatable=false, handlesAlerts=true, databaseEnabled=true, version=47.0.1, platform=WINDOWS, nativeEvents=false, acceptSslCerts=true, webStorageEnabled=true, locationContextEnabled=true, browserName=firefox, takesScreenshot=true, javascriptEnabled=true, cssSelectorsEnabled=true}]
Session ID: cf7730b7-e70a-4431-8bd3-9a2760c627b2
*** Element info: {Using=xpath, value=//a[text()='http://bell.m2m.com ']}
	at sun.reflect.NativeConstructorAccessorImpl.newInstance0(Native Method)
	at sun.reflect.NativeConstructorAccessorImpl.newInstance(NativeConstructorAccessorImpl.java:62)
	at sun.reflect.DelegatingConstructorAccessorImpl.newInstance(DelegatingConstructorAccessorImpl.java:45)
	at java.lang.reflect.Constructor.newInstance(Constructor.java:423)
	at org.openqa.selenium.remote.ErrorHandler.createThrowable(ErrorHandler.java:206)
	at org.openqa.selenium.remote.ErrorHandler.throwIfResponseFailed(ErrorHandler.java:158)
	at org.openqa.selenium.remote.RemoteWebDriver.execute(RemoteWebDriver.java:636)
	at org.openqa.selenium.remote.RemoteWebDriver.findElement(RemoteWebDriver.java:369)
	at org.openqa.selenium.remote.RemoteWebDriver.findElementByXPath(RemoteWebDriver.java:474)
	at org.openqa.selenium.By$ByXPath.findElement(By.java:361)
	at org.openqa.selenium.remote.RemoteWebDriver.findElement(RemoteWebDriver.java:361)
	at pages.EmailIntegration.ccURL(EmailIntegration.java:113)
	at pages.BellControlCenter.start(BellControlCenter.java:33)
	at pages.BellEndToEndFlowTwo.BrowserIntilation(BellEndToEndFlowTwo.java:24)
	at sun.reflect.NativeMethodAccessorImpl.invoke0(Native Method)
	at sun.reflect.NativeMethodAccessorImpl.invoke(NativeMethodAccessorImpl.java:62)
	at sun.reflect.DelegatingMethodAccessorImpl.invoke(DelegatingMethodAccessorImpl.java:43)
	at java.lang.reflect.Method.invoke(Method.java:498)
	at org.testng.internal.MethodInvocationHelper.invokeMethod(MethodInvocationHelper.java:104)
	at org.testng.internal.Invoker.invokeConfigurationMethod(Invoker.java:515)
	at org.testng.internal.Invoker.invokeConfigurations(Invoker.java:217)
	at org.testng.internal.Invoker.invokeConfigurations(Invoker.java:144)
	at org.testng.TestRunner.beforeRun(TestRunner.java:634)
	at org.testng.TestRunner.run(TestRunner.java:602)
	at org.testng.SuiteRunner.runTest(SuiteRunner.java:387)
	at org.testng.SuiteRunner.runSequentially(SuiteRunner.java:382)
	at org.testng.SuiteRunner.privateRun(SuiteRunner.java:340)
	at org.testng.SuiteRunner.run(SuiteRunner.java:289)
	at org.testng.SuiteRunnerWorker.runSuite(SuiteRunnerWorker.java:52)
	at org.testng.SuiteRunnerWorker.run(SuiteRunnerWorker.java:86)
	at org.testng.TestNG.runSuitesSequentially(TestNG.java:1293)
	at org.testng.TestNG.runSuitesLocally(TestNG.java:1218)
	at org.testng.TestNG.runSuites(TestNG.java:1133)
	at org.testng.TestNG.run(TestNG.java:1104)
	at org.testng.remote.AbstractRemoteTestNG.run(AbstractRemoteTestNG.java:132)
	at org.testng.remote.RemoteTestNG.initAndRun(RemoteTestNG.java:236)
	at org.testng.remote.RemoteTestNG.main(RemoteTestNG.java:81)
Caused by: org.openqa.selenium.NoSuchElementException: Unable to locate element: {"method":"xpath","selector":"//a[text()='http://bell.m2m.com ']"}
For documentation on this error, please visit: http://seleniumhq.org/exceptions/no_such_element.html
Build info: version: '3.0.0-beta4', revision: '3169782', time: '2016-09-29 10:29:23 -0700'
System info: host: 'Gokul', ip: '192.168.1.9', os.name: 'Windows 8', os.arch: 'amd64', os.version: '6.2', java.version: '1.8.0_101'
Driver info: driver.version: unknown
	at <anonymous class>.FirefoxDriver.prototype.findElementInternal_(file:///C:/Users/Sada/AppData/Local/Temp/anonymous6775688402405252184webdriver-profile/extensions/fxdriver@googlecode.com/components/driver-component.js:11187)
	at <anonymous class>.FirefoxDriver.prototype.findElement(file:///C:/Users/Sada/AppData/Local/Temp/anonymous6775688402405252184webdriver-profile/extensions/fxdriver@googlecode.com/components/driver-component.js:11196)
	at <anonymous class>.DelayedCommand.prototype.executeInternal_/h(file:///C:/Users/Sada/AppData/Local/Temp/anonymous6775688402405252184webdriver-profile/extensions/fxdriver@googlecode.com/components/command-processor.js:12698)
	at <anonymous class>.DelayedCommand.prototype.executeInternal_(file:///C:/Users/Sada/AppData/Local/Temp/anonymous6775688402405252184webdriver-profile/extensions/fxdriver@googlecode.com/components/command-processor.js:12703)
	at <anonymous class>.DelayedCommand.prototype.execute/<(file:///C:/Users/Sada/AppData/Local/Temp/anonymous6775688402405252184webdriver-profile/extensions/fxdriver@googlecode.com/components/command-processor.js:12645)
]]>
    </error>
  </testcase> <!-- BrowserIntilation -->
  <testcase name="YourInfoNumericFeild" time="0.005" classname="pages.BellEndToEndFlowTwo">
    <skipped/>
  </testcase> <!-- YourInfoNumericFeild -->
  <testcase name="ShippingInfoMinimumInputValidation" time="0.006" classname="pages.BellEndToEndFlowTwo">
    <skipped/>
  </testcase> <!-- ShippingInfoMinimumInputValidation -->
  <testcase name="BillingCheckBoxVaildation" time="0.006" classname="pages.BellEndToEndFlowTwo">
    <skipped/>
  </testcase> <!-- BillingCheckBoxVaildation -->
  <testcase name="ReviewConfirmHeadertextValidation" time="0.002" classname="pages.BellEndToEndFlowTwo">
    <skipped/>
  </testcase> <!-- ReviewConfirmHeadertextValidation -->
  <testcase name="ReviewConfirmOperatorLogo" time="0.004" classname="pages.BellEndToEndFlowTwo">
    <skipped/>
  </testcase> <!-- ReviewConfirmOperatorLogo -->
  <testcase name="YourInfoCompanyLogo" time="0.003" classname="pages.BellEndToEndFlowTwo">
    <skipped/>
  </testcase> <!-- YourInfoCompanyLogo -->
  <testcase name="ReviewConfirmButton" time="0.001" classname="pages.BellEndToEndFlowTwo">
    <skipped/>
  </testcase> <!-- ReviewConfirmButton -->
  <testcase name="OrderSummarysectionTwoTextValidation" time="0.007" classname="pages.BellEndToEndFlowTwo">
    <skipped/>
  </testcase> <!-- OrderSummarysectionTwoTextValidation -->
  <testcase name="ShippingInfovalidateCompanyLogo" time="0.002" classname="pages.BellEndToEndFlowTwo">
    <skipped/>
  </testcase> <!-- ShippingInfovalidateCompanyLogo -->
  <testcase name="BillingInfoMaximumInputValidation" time="0.003" classname="pages.BellEndToEndFlowTwo">
    <skipped/>
  </testcase> <!-- BillingInfoMaximumInputValidation -->
  <testcase name="CCPlaceHolderValidation" time="0.005" classname="pages.BellEndToEndFlowTwo">
    <skipped/>
  </testcase> <!-- CCPlaceHolderValidation -->
  <testcase name="TermsOfServicePopUpCloseIcon" time="0.008" classname="pages.BellEndToEndFlowTwo">
    <skipped/>
  </testcase> <!-- TermsOfServicePopUpCloseIcon -->
  <testcase name="InputValidation" time="0.005" classname="pages.BellEndToEndFlowTwo">
    <skipped/>
  </testcase> <!-- InputValidation -->
  <testcase name="BillingInfovalidateOperatorLogo" time="0.007" classname="pages.BellEndToEndFlowTwo">
    <skipped/>
  </testcase> <!-- BillingInfovalidateOperatorLogo -->
  <testcase name="ShippingInfoSendInputs" time="0.003" classname="pages.BellEndToEndFlowTwo">
    <skipped/>
  </testcase> <!-- ShippingInfoSendInputs -->
  <testcase name="ReviewConfirmEditButtons" time="0.006" classname="pages.BellEndToEndFlowTwo">
    <skipped/>
  </testcase> <!-- ReviewConfirmEditButtons -->
  <testcase name="ReviewConfirmSectionOneTextValidation" time="0.003" classname="pages.BellEndToEndFlowTwo">
    <skipped/>
  </testcase> <!-- ReviewConfirmSectionOneTextValidation -->
  <testcase name="BillingCardDetailsInputFieldValidation" time="0.004" classname="pages.BellEndToEndFlowTwo">
    <skipped/>
  </testcase> <!-- BillingCardDetailsInputFieldValidation -->
  <testcase name="YourInfocontinueButton" time="0.004" classname="pages.BellEndToEndFlowTwo">
    <skipped/>
  </testcase> <!-- YourInfocontinueButton -->
  <testcase name="YourInfoEmailValidation" time="0.005" classname="pages.BellEndToEndFlowTwo">
    <skipped/>
  </testcase> <!-- YourInfoEmailValidation -->
  <testcase name="YourInfoBellLogoValidation" time="0.004" classname="pages.BellEndToEndFlowTwo">
    <skipped/>
  </testcase> <!-- YourInfoBellLogoValidation -->
</testsuite> <!-- pages.BellEndToEndFlowTwo -->
