<?xml version="1.0" encoding="UTF-8"?>
<!-- Generated by org.testng.reporters.JUnitReportReporter -->
<testsuite name="pages.UnicomEndToEndFlowOne" tests="42" time="0.321" ignored="0" failures="0" timestamp="22 Jan 2018 11:14:22 GMT" skipped="41" hostname="Gokul" errors="1">
  <testcase name="HomePagesectionOneLinkvalidation" time="0.007" classname="pages.UnicomEndToEndFlowOne">
    <skipped/>
  </testcase> <!-- HomePagesectionOneLinkvalidation -->
  <testcase name="ThankYouIOTPagevalidation" time="0.004" classname="pages.UnicomEndToEndFlowOne">
    <skipped/>
  </testcase> <!-- ThankYouIOTPagevalidation -->
  <testcase name="HomePageSecTwoContentValidation" time="0.029" classname="pages.UnicomEndToEndFlowOne">
    <skipped/>
  </testcase> <!-- HomePageSecTwoContentValidation -->
  <testcase name="ThankYouCiscoLogo" time="0.003" classname="pages.UnicomEndToEndFlowOne">
    <skipped/>
  </testcase> <!-- ThankYouCiscoLogo -->
  <testcase name="HomePagesectionTwoWhatThekitIncludesSuppportvalidation" time="0.002" classname="pages.UnicomEndToEndFlowOne">
    <skipped/>
  </testcase> <!-- HomePagesectionTwoWhatThekitIncludesSuppportvalidation -->
  <testcase name="ReferralrequestLabelDisplayedAndEnabled" time="0.002" classname="pages.UnicomEndToEndFlowOne">
    <skipped/>
  </testcase> <!-- ReferralrequestLabelDisplayedAndEnabled -->
  <testcase name="ReferralRequestBellLogoValidation" time="0.003" classname="pages.UnicomEndToEndFlowOne">
    <skipped/>
  </testcase> <!-- ReferralRequestBellLogoValidation -->
  <testcase name="HomePageEnterrefrralCodeErrorvalidation" time="0.002" classname="pages.UnicomEndToEndFlowOne">
    <skipped/>
  </testcase> <!-- HomePageEnterrefrralCodeErrorvalidation -->
  <testcase name="ThankYouBellPageRedirection" time="0.003" classname="pages.UnicomEndToEndFlowOne">
    <skipped/>
  </testcase> <!-- ThankYouBellPageRedirection -->
  <testcase name="HomePageBellLogo" time="0.007" classname="pages.UnicomEndToEndFlowOne">
    <skipped/>
  </testcase> <!-- HomePageBellLogo -->
  <testcase name="sectionOneReferralRequestvalidation" time="0.004" classname="pages.UnicomEndToEndFlowOne">
    <skipped/>
  </testcase> <!-- sectionOneReferralRequestvalidation -->
  <testcase name="ReferralrequestSpaceNotAllowedValiadation" time="0.001" classname="pages.UnicomEndToEndFlowOne">
    <skipped/>
  </testcase> <!-- ReferralrequestSpaceNotAllowedValiadation -->
  <testcase name="ThankYouTextvalidation" time="0.001" classname="pages.UnicomEndToEndFlowOne">
    <skipped/>
  </testcase> <!-- ThankYouTextvalidation -->
  <testcase name="ReferralRequestMaximumInputValidation" time="0.005" classname="pages.UnicomEndToEndFlowOne">
    <skipped/>
  </testcase> <!-- ReferralRequestMaximumInputValidation -->
  <testcase name="HomePageTrackOrderErrorValidation" time="0.012" classname="pages.UnicomEndToEndFlowOne">
    <skipped/>
  </testcase> <!-- HomePageTrackOrderErrorValidation -->
  <testcase name="ReferralRequestNumericFeild" time="0.005" classname="pages.UnicomEndToEndFlowOne">
    <skipped/>
  </testcase> <!-- ReferralRequestNumericFeild -->
  <testcase name="ReferralRequestMinimumInputValidation" time="0.006" classname="pages.UnicomEndToEndFlowOne">
    <skipped/>
  </testcase> <!-- ReferralRequestMinimumInputValidation -->
  <testcase name="ReferralRequestCompanyLogo" time="0.002" classname="pages.UnicomEndToEndFlowOne">
    <skipped/>
  </testcase> <!-- ReferralRequestCompanyLogo -->
  <testcase name="ThankYouBellLogo" time="0.001" classname="pages.UnicomEndToEndFlowOne">
    <skipped/>
  </testcase> <!-- ThankYouBellLogo -->
  <testcase name="HomePagesectionFourWhatIsIotValidation" time="0.102" classname="pages.UnicomEndToEndFlowOne">
    <skipped/>
  </testcase> <!-- HomePagesectionFourWhatIsIotValidation -->
  <testcase name="ReferralrequestTextBoxDisplayedAndEnabled" time="0.004" classname="pages.UnicomEndToEndFlowOne">
    <skipped/>
  </testcase> <!-- ReferralrequestTextBoxDisplayedAndEnabled -->
  <testcase name="ReferralRequestButtonvalidation" time="0.001" classname="pages.UnicomEndToEndFlowOne">
    <skipped/>
  </testcase> <!-- ReferralRequestButtonvalidation -->
  <testcase name="BrowserIntilation" time="0.000" classname="pages.UnicomEndToEndFlowOne">
    <error type="org.openqa.selenium.InvalidArgumentException" message="Target URL m2m-test.10646.cn is not well-formed.
Command duration or timeout: 92 milliseconds
Build info: version: &#039;3.0.0-beta4&#039;, revision: &#039;3169782&#039;, time: &#039;2016-09-29 10:29:23 -0700&#039;
System info: host: &#039;Gokul&#039;, ip: &#039;192.168.1.11&#039;, os.name: &#039;Windows 8&#039;, os.arch: &#039;amd64&#039;, os.version: &#039;6.2&#039;, java.version: &#039;1.8.0_101&#039;
Driver info: org.openqa.selenium.firefox.FirefoxDriver
Capabilities [{applicationCacheEnabled=true, rotatable=false, handlesAlerts=true, databaseEnabled=true, version=47.0.1, platform=WINDOWS, nativeEvents=false, acceptSslCerts=true, webStorageEnabled=true, locationContextEnabled=true, browserName=firefox, takesScreenshot=true, javascriptEnabled=true, cssSelectorsEnabled=true}]
Session ID: 5b42e7a6-c837-49ff-a88b-66849a899f4e">
      <![CDATA[org.openqa.selenium.InvalidArgumentException: Target URL m2m-test.10646.cn is not well-formed.
Command duration or timeout: 92 milliseconds
Build info: version: '3.0.0-beta4', revision: '3169782', time: '2016-09-29 10:29:23 -0700'
System info: host: 'Gokul', ip: '192.168.1.11', os.name: 'Windows 8', os.arch: 'amd64', os.version: '6.2', java.version: '1.8.0_101'
Driver info: org.openqa.selenium.firefox.FirefoxDriver
Capabilities [{applicationCacheEnabled=true, rotatable=false, handlesAlerts=true, databaseEnabled=true, version=47.0.1, platform=WINDOWS, nativeEvents=false, acceptSslCerts=true, webStorageEnabled=true, locationContextEnabled=true, browserName=firefox, takesScreenshot=true, javascriptEnabled=true, cssSelectorsEnabled=true}]
Session ID: 5b42e7a6-c837-49ff-a88b-66849a899f4e
	at sun.reflect.NativeConstructorAccessorImpl.newInstance0(Native Method)
	at sun.reflect.NativeConstructorAccessorImpl.newInstance(NativeConstructorAccessorImpl.java:62)
	at sun.reflect.DelegatingConstructorAccessorImpl.newInstance(DelegatingConstructorAccessorImpl.java:45)
	at java.lang.reflect.Constructor.newInstance(Constructor.java:423)
	at org.openqa.selenium.remote.ErrorHandler.createThrowable(ErrorHandler.java:206)
	at org.openqa.selenium.remote.ErrorHandler.throwIfResponseFailed(ErrorHandler.java:164)
	at org.openqa.selenium.remote.RemoteWebDriver.execute(RemoteWebDriver.java:636)
	at org.openqa.selenium.remote.RemoteWebDriver.get(RemoteWebDriver.java:323)
	at driver.BaseDriver.launchApp(BaseDriver.java:63)
	at pages.UnicomHomePage.start(UnicomHomePage.java:25)
	at pages.UnicomEndToEndFlowOne.BrowserIntilation(UnicomEndToEndFlowOne.java:29)
	at sun.reflect.NativeMethodAccessorImpl.invoke0(Native Method)
	at sun.reflect.NativeMethodAccessorImpl.invoke(NativeMethodAccessorImpl.java:62)
	at sun.reflect.DelegatingMethodAccessorImpl.invoke(DelegatingMethodAccessorImpl.java:43)
	at java.lang.reflect.Method.invoke(Method.java:498)
	at org.testng.internal.MethodInvocationHelper.invokeMethod(MethodInvocationHelper.java:104)
	at org.testng.internal.Invoker.invokeConfigurationMethod(Invoker.java:515)
	at org.testng.internal.Invoker.invokeConfigurations(Invoker.java:217)
	at org.testng.internal.Invoker.invokeConfigurations(Invoker.java:144)
	at org.testng.TestRunner.beforeRun(TestRunner.java:634)
	at org.testng.TestRunner.run(TestRunner.java:602)
	at org.testng.SuiteRunner.runTest(SuiteRunner.java:387)
	at org.testng.SuiteRunner.runSequentially(SuiteRunner.java:382)
	at org.testng.SuiteRunner.privateRun(SuiteRunner.java:340)
	at org.testng.SuiteRunner.run(SuiteRunner.java:289)
	at org.testng.SuiteRunnerWorker.runSuite(SuiteRunnerWorker.java:52)
	at org.testng.SuiteRunnerWorker.run(SuiteRunnerWorker.java:86)
	at org.testng.TestNG.runSuitesSequentially(TestNG.java:1293)
	at org.testng.TestNG.runSuitesLocally(TestNG.java:1218)
	at org.testng.TestNG.runSuites(TestNG.java:1133)
	at org.testng.TestNG.run(TestNG.java:1104)
	at org.testng.remote.AbstractRemoteTestNG.run(AbstractRemoteTestNG.java:132)
	at org.testng.remote.RemoteTestNG.initAndRun(RemoteTestNG.java:236)
	at org.testng.remote.RemoteTestNG.main(RemoteTestNG.java:81)
]]>
    </error>
  </testcase> <!-- BrowserIntilation -->
  <testcase name="HomePageReferralCodeValidation" time="0.003" classname="pages.UnicomEndToEndFlowOne">
    <skipped/>
  </testcase> <!-- HomePageReferralCodeValidation -->
  <testcase name="HomePagesectionThreeHowItWorksValidation" time="0.002" classname="pages.UnicomEndToEndFlowOne">
    <skipped/>
  </testcase> <!-- HomePagesectionThreeHowItWorksValidation -->
  <testcase name="HomePageSecOneTextValidation" time="0.005" classname="pages.UnicomEndToEndFlowOne">
    <skipped/>
  </testcase> <!-- HomePageSecOneTextValidation -->
  <testcase name="HomePageBellLogoValidation" time="0.002" classname="pages.UnicomEndToEndFlowOne">
    <skipped/>
  </testcase> <!-- HomePageBellLogoValidation -->
  <testcase name="HomePageM2MDotComvalidation" time="0.002" classname="pages.UnicomEndToEndFlowOne">
    <skipped/>
  </testcase> <!-- HomePageM2MDotComvalidation -->
  <testcase name="HomePageSecOneReferralRequesButton" time="0.010" classname="pages.UnicomEndToEndFlowOne">
    <skipped/>
  </testcase> <!-- HomePageSecOneReferralRequesButton -->
  <testcase name="HomePageSectwoReferralRequestButton" time="0.021" classname="pages.UnicomEndToEndFlowOne">
    <skipped/>
  </testcase> <!-- HomePageSectwoReferralRequestButton -->
  <testcase name="ReferralRequestBellLogo" time="0.002" classname="pages.UnicomEndToEndFlowOne">
    <skipped/>
  </testcase> <!-- ReferralRequestBellLogo -->
  <testcase name="ReferralRequestValidInputValidation" time="0.007" classname="pages.UnicomEndToEndFlowOne">
    <skipped/>
  </testcase> <!-- ReferralRequestValidInputValidation -->
  <testcase name="HomePageSecTwoWhatThekitIncludesCentervalidation" time="0.003" classname="pages.UnicomEndToEndFlowOne">
    <skipped/>
  </testcase> <!-- HomePageSecTwoWhatThekitIncludesCentervalidation -->
  <testcase name="ReferralRequestTextValiadtion" time="0.003" classname="pages.UnicomEndToEndFlowOne">
    <skipped/>
  </testcase> <!-- ReferralRequestTextValiadtion -->
  <testcase name="HomePageTrackOrderValidation" time="0.009" classname="pages.UnicomEndToEndFlowOne">
    <skipped/>
  </testcase> <!-- HomePageTrackOrderValidation -->
  <testcase name="ReferrakRequestRequiredFieldValidation" time="0.003" classname="pages.UnicomEndToEndFlowOne">
    <skipped/>
  </testcase> <!-- ReferrakRequestRequiredFieldValidation -->
  <testcase name="ReferralRequestEmailValidation" time="0.025" classname="pages.UnicomEndToEndFlowOne">
    <skipped/>
  </testcase> <!-- ReferralRequestEmailValidation -->
  <testcase name="RferrralRequestcancelButton" time="0.002" classname="pages.UnicomEndToEndFlowOne">
    <skipped/>
  </testcase> <!-- RferrralRequestcancelButton -->
  <testcase name="ThankYouIOTvalidation" time="0.002" classname="pages.UnicomEndToEndFlowOne">
    <skipped/>
  </testcase> <!-- ThankYouIOTvalidation -->
  <testcase name="HomePageSecTwoWhatThekitIncludesToolsvalidation" time="0.004" classname="pages.UnicomEndToEndFlowOne">
    <skipped/>
  </testcase> <!-- HomePageSecTwoWhatThekitIncludesToolsvalidation -->
  <testcase name="ReferralRequestPlaceHolderValidation" time="0.006" classname="pages.UnicomEndToEndFlowOne">
    <skipped/>
  </testcase> <!-- ReferralRequestPlaceHolderValidation -->
  <testcase name="HomePageCiscoLogo" time="0.004" classname="pages.UnicomEndToEndFlowOne">
    <skipped/>
  </testcase> <!-- HomePageCiscoLogo -->
</testsuite> <!-- pages.UnicomEndToEndFlowOne -->
