<?xml version="1.0" encoding="UTF-8"?>
<!-- Generated by org.testng.reporters.JUnitReportReporter -->
<testsuite name="pages.Tele2ReferralRequestpage" tests="14" time="0.041" ignored="0" failures="0" timestamp="26 Dec 2016 11:39:40 GMT" skipped="13" hostname="Gokul" errors="1">
  <testcase name="Start" time="0.000" classname="pages.Tele2ReferralRequestpage">
    <error type="org.openqa.selenium.NoSuchElementException" message="Unable to locate element: {&quot;method&quot;:&quot;xpath&quot;,&quot;selector&quot;:&quot;//label[text()=&#039;Not Available&#039;]&quot;}
Command duration or timeout: 29 milliseconds
For documentation on this error, please visit: http://seleniumhq.org/exceptions/no_such_element.html
Build info: version: &#039;3.0.0-beta4&#039;, revision: &#039;3169782&#039;, time: &#039;2016-09-29 10:29:23 -0700&#039;
System info: host: &#039;Gokul&#039;, ip: &#039;192.168.1.103&#039;, os.name: &#039;Windows 8&#039;, os.arch: &#039;amd64&#039;, os.version: &#039;6.2&#039;, java.version: &#039;1.8.0_101&#039;
Driver info: org.openqa.selenium.firefox.FirefoxDriver
Capabilities [{applicationCacheEnabled=true, rotatable=false, handlesAlerts=true, databaseEnabled=true, version=44.0, platform=WINDOWS, nativeEvents=false, acceptSslCerts=true, webStorageEnabled=true, locationContextEnabled=true, browserName=firefox, takesScreenshot=true, javascriptEnabled=true, cssSelectorsEnabled=true}]
Session ID: 4bb27123-0592-4be6-84f8-20996c53fad5
*** Element info: {Using=xpath, value=//label[text()=&#039;Not Available&#039;]}">
      <![CDATA[org.openqa.selenium.NoSuchElementException: Unable to locate element: {"method":"xpath","selector":"//label[text()='Not Available']"}
Command duration or timeout: 29 milliseconds
For documentation on this error, please visit: http://seleniumhq.org/exceptions/no_such_element.html
Build info: version: '3.0.0-beta4', revision: '3169782', time: '2016-09-29 10:29:23 -0700'
System info: host: 'Gokul', ip: '192.168.1.103', os.name: 'Windows 8', os.arch: 'amd64', os.version: '6.2', java.version: '1.8.0_101'
Driver info: org.openqa.selenium.firefox.FirefoxDriver
Capabilities [{applicationCacheEnabled=true, rotatable=false, handlesAlerts=true, databaseEnabled=true, version=44.0, platform=WINDOWS, nativeEvents=false, acceptSslCerts=true, webStorageEnabled=true, locationContextEnabled=true, browserName=firefox, takesScreenshot=true, javascriptEnabled=true, cssSelectorsEnabled=true}]
Session ID: 4bb27123-0592-4be6-84f8-20996c53fad5
*** Element info: {Using=xpath, value=//label[text()='Not Available']}
	at sun.reflect.NativeConstructorAccessorImpl.newInstance0(Native Method)
	at sun.reflect.NativeConstructorAccessorImpl.newInstance(NativeConstructorAccessorImpl.java:62)
	at sun.reflect.DelegatingConstructorAccessorImpl.newInstance(DelegatingConstructorAccessorImpl.java:45)
	at java.lang.reflect.Constructor.newInstance(Constructor.java:423)
	at org.openqa.selenium.remote.ErrorHandler.createThrowable(ErrorHandler.java:206)
	at org.openqa.selenium.remote.ErrorHandler.throwIfResponseFailed(ErrorHandler.java:158)
	at org.openqa.selenium.remote.RemoteWebDriver.execute(RemoteWebDriver.java:636)
	at org.openqa.selenium.remote.RemoteWebDriver.findElement(RemoteWebDriver.java:369)
	at org.openqa.selenium.remote.RemoteWebDriver.findElementByXPath(RemoteWebDriver.java:474)
	at org.openqa.selenium.By$ByXPath.findElement(By.java:361)
	at org.openqa.selenium.remote.RemoteWebDriver.findElement(RemoteWebDriver.java:361)
	at pages.Tele2ReferralRequestpage.RequestReferralCodeLabelTextDisplayedAndEnabled(Tele2ReferralRequestpage.java:115)
	at pages.Tele2ReferralRequestpage.sectionOneValidation(Tele2ReferralRequestpage.java:63)
	at pages.Tele2ReferralRequestpage.Start(Tele2ReferralRequestpage.java:33)
	at sun.reflect.NativeMethodAccessorImpl.invoke0(Native Method)
	at sun.reflect.NativeMethodAccessorImpl.invoke(NativeMethodAccessorImpl.java:62)
	at sun.reflect.DelegatingMethodAccessorImpl.invoke(DelegatingMethodAccessorImpl.java:43)
	at java.lang.reflect.Method.invoke(Method.java:498)
	at org.testng.internal.MethodInvocationHelper.invokeMethod(MethodInvocationHelper.java:104)
	at org.testng.internal.Invoker.invokeConfigurationMethod(Invoker.java:515)
	at org.testng.internal.Invoker.invokeConfigurations(Invoker.java:217)
	at org.testng.internal.Invoker.invokeConfigurations(Invoker.java:144)
	at org.testng.TestRunner.beforeRun(TestRunner.java:634)
	at org.testng.TestRunner.run(TestRunner.java:602)
	at org.testng.SuiteRunner.runTest(SuiteRunner.java:387)
	at org.testng.SuiteRunner.runSequentially(SuiteRunner.java:382)
	at org.testng.SuiteRunner.privateRun(SuiteRunner.java:340)
	at org.testng.SuiteRunner.run(SuiteRunner.java:289)
	at org.testng.SuiteRunnerWorker.runSuite(SuiteRunnerWorker.java:52)
	at org.testng.SuiteRunnerWorker.run(SuiteRunnerWorker.java:86)
	at org.testng.TestNG.runSuitesSequentially(TestNG.java:1293)
	at org.testng.TestNG.runSuitesLocally(TestNG.java:1218)
	at org.testng.TestNG.runSuites(TestNG.java:1133)
	at org.testng.TestNG.run(TestNG.java:1104)
	at org.testng.remote.AbstractRemoteTestNG.run(AbstractRemoteTestNG.java:132)
	at org.testng.remote.RemoteTestNG.initAndRun(RemoteTestNG.java:236)
	at org.testng.remote.RemoteTestNG.main(RemoteTestNG.java:81)
Caused by: org.openqa.selenium.NoSuchElementException: Unable to locate element: {"method":"xpath","selector":"//label[text()='Not Available']"}
For documentation on this error, please visit: http://seleniumhq.org/exceptions/no_such_element.html
Build info: version: '3.0.0-beta4', revision: '3169782', time: '2016-09-29 10:29:23 -0700'
System info: host: 'Gokul', ip: '192.168.1.103', os.name: 'Windows 8', os.arch: 'amd64', os.version: '6.2', java.version: '1.8.0_101'
Driver info: driver.version: unknown
	at <anonymous class>.FirefoxDriver.prototype.findElementInternal_(file:///C:/Users/Sada/AppData/Local/Temp/anonymous2088979225741271074webdriver-profile/extensions/fxdriver@googlecode.com/components/driver-component.js:11187)
	at <anonymous class>.FirefoxDriver.prototype.findElement(file:///C:/Users/Sada/AppData/Local/Temp/anonymous2088979225741271074webdriver-profile/extensions/fxdriver@googlecode.com/components/driver-component.js:11196)
	at <anonymous class>.DelayedCommand.prototype.executeInternal_/h(file:///C:/Users/Sada/AppData/Local/Temp/anonymous2088979225741271074webdriver-profile/extensions/fxdriver@googlecode.com/components/command-processor.js:12698)
	at <anonymous class>.DelayedCommand.prototype.executeInternal_(file:///C:/Users/Sada/AppData/Local/Temp/anonymous2088979225741271074webdriver-profile/extensions/fxdriver@googlecode.com/components/command-processor.js:12703)
	at <anonymous class>.DelayedCommand.prototype.execute/<(file:///C:/Users/Sada/AppData/Local/Temp/anonymous2088979225741271074webdriver-profile/extensions/fxdriver@googlecode.com/components/command-processor.js:12645)
]]>
    </error>
  </testcase> <!-- Start -->
  <testcase name="ReferralRequestMaximumInputValidation" time="0.003" classname="pages.Tele2ReferralRequestpage">
    <skipped/>
  </testcase> <!-- ReferralRequestMaximumInputValidation -->
  <testcase name="RequestButtonValidation" time="0.003" classname="pages.Tele2ReferralRequestpage">
    <skipped/>
  </testcase> <!-- RequestButtonValidation -->
  <testcase name="ReferralRequestRequiredFieldValidation" time="0.011" classname="pages.Tele2ReferralRequestpage">
    <skipped/>
  </testcase> <!-- ReferralRequestRequiredFieldValidation -->
  <testcase name="ReferralRequestOtherValidation" time="0.002" classname="pages.Tele2ReferralRequestpage">
    <skipped/>
  </testcase> <!-- ReferralRequestOtherValidation -->
  <testcase name="ReferralRequestSpaceNotAllowedValidation" time="0.004" classname="pages.Tele2ReferralRequestpage">
    <skipped/>
  </testcase> <!-- ReferralRequestSpaceNotAllowedValidation -->
  <testcase name="ReferralRequestMinimumInputValidation" time="0.005" classname="pages.Tele2ReferralRequestpage">
    <skipped/>
  </testcase> <!-- ReferralRequestMinimumInputValidation -->
  <testcase name="validateCompanyLogo" time="0.002" classname="pages.Tele2ReferralRequestpage">
    <skipped/>
  </testcase> <!-- validateCompanyLogo -->
  <testcase name="ReferralRequestCodeValidInputValidation" time="0.001" classname="pages.Tele2ReferralRequestpage">
    <skipped/>
  </testcase> <!-- ReferralRequestCodeValidInputValidation -->
  <testcase name="RequestReferralCodeLabelTextDisplayedAndEnabled" time="0.002" classname="pages.Tele2ReferralRequestpage">
    <skipped/>
  </testcase> <!-- RequestReferralCodeLabelTextDisplayedAndEnabled -->
  <testcase name="RequestReferralCodeTextBoxDisplayedAndEnabled" time="0.002" classname="pages.Tele2ReferralRequestpage">
    <skipped/>
  </testcase> <!-- RequestReferralCodeTextBoxDisplayedAndEnabled -->
  <testcase name="RequestReferralCodePlaceholderValidation" time="0.004" classname="pages.Tele2ReferralRequestpage">
    <skipped/>
  </testcase> <!-- RequestReferralCodePlaceholderValidation -->
  <testcase name="ReferralRequestTextValidation" time="0.001" classname="pages.Tele2ReferralRequestpage">
    <skipped/>
  </testcase> <!-- ReferralRequestTextValidation -->
  <testcase name="validateOperatorLogo" time="0.001" classname="pages.Tele2ReferralRequestpage">
    <skipped/>
  </testcase> <!-- validateOperatorLogo -->
</testsuite> <!-- pages.Tele2ReferralRequestpage -->
