<?xml version="1.0" encoding="UTF-8"?>
<!-- Generated by org.testng.reporters.JUnitReportReporter -->
<testsuite name="test.BellEndToEndExtended" tests="146" time="0.677" ignored="0" failures="0" timestamp="21 Apr 2017 06:13:09 GMT" skipped="145" hostname="Gokul" errors="1">
  <testcase name="referralRequestDataValidation" time="0.001" classname="test.BellEndToEndExtended">
    <skipped/>
  </testcase> <!-- referralRequestDataValidation -->
  <testcase name="YourInfoBellLogo" time="0.001" classname="test.BellEndToEndExtended">
    <skipped/>
  </testcase> <!-- YourInfoBellLogo -->
  <testcase name="HomePagesectionOneLinkvalidation" time="0.003" classname="test.BellEndToEndExtended">
    <skipped/>
  </testcase> <!-- HomePagesectionOneLinkvalidation -->
  <testcase name="YourInfoTextBoxDisplayedAndEnabled" time="0.002" classname="test.BellEndToEndExtended">
    <skipped/>
  </testcase> <!-- YourInfoTextBoxDisplayedAndEnabled -->
  <testcase name="YourInfoCompanyLogo" time="0.002" classname="test.BellEndToEndExtended">
    <skipped/>
  </testcase> <!-- YourInfoCompanyLogo -->
  <testcase name="HomePagesectionThreeHowItWorksValidation" time="0.002" classname="test.BellEndToEndExtended">
    <skipped/>
  </testcase> <!-- HomePagesectionThreeHowItWorksValidation -->
  <testcase name="CCPlaceHolderValidation" time="0.001" classname="test.BellEndToEndExtended">
    <skipped/>
  </testcase> <!-- CCPlaceHolderValidation -->
  <testcase name="CheckingOrderSucessEmail" time="0.001" classname="test.BellEndToEndExtended">
    <skipped/>
  </testcase> <!-- CheckingOrderSucessEmail -->
  <testcase name="ThankYouTextvalidation" time="0.026" classname="test.BellEndToEndExtended">
    <skipped/>
  </testcase> <!-- ThankYouTextvalidation -->
  <testcase name="shippingInfoLabelText" time="0.024" classname="test.BellEndToEndExtended">
    <skipped/>
  </testcase> <!-- shippingInfoLabelText -->
  <testcase name="YourInfoSpaceNotAllowedValiadation" time="0.002" classname="test.BellEndToEndExtended">
    <skipped/>
  </testcase> <!-- YourInfoSpaceNotAllowedValiadation -->
  <testcase name="ThankYouBellPageRedirection" time="0.001" classname="test.BellEndToEndExtended">
    <skipped/>
  </testcase> <!-- ThankYouBellPageRedirection -->
  <testcase name="HomePageSecTwoWhatThekitIncludesCentervalidation" time="0.003" classname="test.BellEndToEndExtended">
    <skipped/>
  </testcase> <!-- HomePageSecTwoWhatThekitIncludesCentervalidation -->
  <testcase name="ReviewConfirmHeadertextValidation" time="0.001" classname="test.BellEndToEndExtended">
    <skipped/>
  </testcase> <!-- ReviewConfirmHeadertextValidation -->
  <testcase name="ReviewConfirmCompanyLogo" time="0.002" classname="test.BellEndToEndExtended">
    <skipped/>
  </testcase> <!-- ReviewConfirmCompanyLogo -->
  <testcase name="HomePageSectwoReferralRequestButton" time="0.005" classname="test.BellEndToEndExtended">
    <skipped/>
  </testcase> <!-- HomePageSectwoReferralRequestButton -->
  <testcase name="TermsOfServiceTextValidation" time="0.003" classname="test.BellEndToEndExtended">
    <skipped/>
  </testcase> <!-- TermsOfServiceTextValidation -->
  <testcase name="HomePagesectionFiveWithBell" time="0.004" classname="test.BellEndToEndExtended">
    <skipped/>
  </testcase> <!-- HomePagesectionFiveWithBell -->
  <testcase name="ShippingInfovalidateCompanyLogo" time="0.014" classname="test.BellEndToEndExtended">
    <skipped/>
  </testcase> <!-- ShippingInfovalidateCompanyLogo -->
  <testcase name="YourInfoEmailValidation" time="0.001" classname="test.BellEndToEndExtended">
    <skipped/>
  </testcase> <!-- YourInfoEmailValidation -->
  <testcase name="ShippingInfoRequiredFieldvalidatoin" time="0.001" classname="test.BellEndToEndExtended">
    <skipped/>
  </testcase> <!-- ShippingInfoRequiredFieldvalidatoin -->
  <testcase name="ReviewConfirmShippingBillingAddressValidation" time="0.002" classname="test.BellEndToEndExtended">
    <skipped/>
  </testcase> <!-- ReviewConfirmShippingBillingAddressValidation -->
  <testcase name="ReferralRequestButtonvalidation" time="0.057" classname="test.BellEndToEndExtended">
    <skipped/>
  </testcase> <!-- ReferralRequestButtonvalidation -->
  <testcase name="YourInfoMinimumInputValidation" time="0.001" classname="test.BellEndToEndExtended">
    <skipped/>
  </testcase> <!-- YourInfoMinimumInputValidation -->
  <testcase name="ReferralRequestPlaceHolderValidation" time="0.002" classname="test.BellEndToEndExtended">
    <skipped/>
  </testcase> <!-- ReferralRequestPlaceHolderValidation -->
  <testcase name="ShippingInfoBellLogoValidation" time="0.001" classname="test.BellEndToEndExtended">
    <skipped/>
  </testcase> <!-- ShippingInfoBellLogoValidation -->
  <testcase name="ReferrakRequestRequiredFieldValidation" time="0.008" classname="test.BellEndToEndExtended">
    <skipped/>
  </testcase> <!-- ReferrakRequestRequiredFieldValidation -->
  <testcase name="BillingInfoMinimumInputValidation" time="0.001" classname="test.BellEndToEndExtended">
    <skipped/>
  </testcase> <!-- BillingInfoMinimumInputValidation -->
  <testcase name="BillingEditButtonValidation" time="0.001" classname="test.BellEndToEndExtended">
    <skipped/>
  </testcase> <!-- BillingEditButtonValidation -->
  <testcase name="OrderSummaryBellLogo" time="0.001" classname="test.BellEndToEndExtended">
    <skipped/>
  </testcase> <!-- OrderSummaryBellLogo -->
  <testcase name="DeletingOrderSucessEmail" time="0.002" classname="test.BellEndToEndExtended">
    <skipped/>
  </testcase> <!-- DeletingOrderSucessEmail -->
  <testcase name="HomePageLearnMoreFromBell" time="0.004" classname="test.BellEndToEndExtended">
    <skipped/>
  </testcase> <!-- HomePageLearnMoreFromBell -->
  <testcase name="TrackOrderSectionOneText" time="0.000" classname="test.BellEndToEndExtended">
    <skipped/>
  </testcase> <!-- TrackOrderSectionOneText -->
  <testcase name="ReferralRequestEmailValidation" time="0.002" classname="test.BellEndToEndExtended">
    <skipped/>
  </testcase> <!-- ReferralRequestEmailValidation -->
  <testcase name="HomePageSecOneTextValidation" time="0.004" classname="test.BellEndToEndExtended">
    <skipped/>
  </testcase> <!-- HomePageSecOneTextValidation -->
  <testcase name="BillingInfoInputField" time="0.001" classname="test.BellEndToEndExtended">
    <skipped/>
  </testcase> <!-- BillingInfoInputField -->
  <testcase name="ReviewConfirmEditButtons" time="0.006" classname="test.BellEndToEndExtended">
    <skipped/>
  </testcase> <!-- ReviewConfirmEditButtons -->
  <testcase name="OrderSummaryBackToIOTValidation" time="0.001" classname="test.BellEndToEndExtended">
    <skipped/>
  </testcase> <!-- OrderSummaryBackToIOTValidation -->
  <testcase name="YourInfoLabelDisplayedAndEnabled" time="0.001" classname="test.BellEndToEndExtended">
    <skipped/>
  </testcase> <!-- YourInfoLabelDisplayedAndEnabled -->
  <testcase name="HomePageSecTwoContentValidation" time="0.004" classname="test.BellEndToEndExtended">
    <skipped/>
  </testcase> <!-- HomePageSecTwoContentValidation -->
  <testcase name="CCRequiredFieldValidation" time="0.008" classname="test.BellEndToEndExtended">
    <skipped/>
  </testcase> <!-- CCRequiredFieldValidation -->
  <testcase name="BillingCardDetailsInputFieldValidation" time="0.002" classname="test.BellEndToEndExtended">
    <skipped/>
  </testcase> <!-- BillingCardDetailsInputFieldValidation -->
  <testcase name="HomePagesectionTwoWhatThekitIncludesSuppportvalidation" time="0.008" classname="test.BellEndToEndExtended">
    <skipped/>
  </testcase> <!-- HomePagesectionTwoWhatThekitIncludesSuppportvalidation -->
  <testcase name="VerifyingControlCenterURL" time="0.004" classname="test.BellEndToEndExtended">
    <skipped/>
  </testcase> <!-- VerifyingControlCenterURL -->
  <testcase name="TrackOrderResendEmailVerification" time="0.001" classname="test.BellEndToEndExtended">
    <skipped/>
  </testcase> <!-- TrackOrderResendEmailVerification -->
  <testcase name="InputValidation" time="0.006" classname="test.BellEndToEndExtended">
    <skipped/>
  </testcase> <!-- InputValidation -->
  <testcase name="ReferralrequestTextBoxDisplayedAndEnabled" time="0.008" classname="test.BellEndToEndExtended">
    <skipped/>
  </testcase> <!-- ReferralrequestTextBoxDisplayedAndEnabled -->
  <testcase name="ReviewConfirmOperatorLogo" time="0.000" classname="test.BellEndToEndExtended">
    <skipped/>
  </testcase> <!-- ReviewConfirmOperatorLogo -->
  <testcase name="CancelButtonValidation" time="0.002" classname="test.BellEndToEndExtended">
    <skipped/>
  </testcase> <!-- CancelButtonValidation -->
  <testcase name="YourInfocontinueButton" time="0.001" classname="test.BellEndToEndExtended">
    <skipped/>
  </testcase> <!-- YourInfocontinueButton -->
  <testcase name="HomePageTrackOrderValidation" time="0.004" classname="test.BellEndToEndExtended">
    <skipped/>
  </testcase> <!-- HomePageTrackOrderValidation -->
  <testcase name="TermsOfServicePopUpCloseButton" time="0.008" classname="test.BellEndToEndExtended">
    <skipped/>
  </testcase> <!-- TermsOfServicePopUpCloseButton -->
  <testcase name="OrderSummaryhomePageLinkvalidation" time="0.001" classname="test.BellEndToEndExtended">
    <skipped/>
  </testcase> <!-- OrderSummaryhomePageLinkvalidation -->
  <testcase name="ThankYouIOTvalidation" time="0.001" classname="test.BellEndToEndExtended">
    <skipped/>
  </testcase> <!-- ThankYouIOTvalidation -->
  <testcase name="ReferralrequestLabelDisplayedAndEnabled" time="0.003" classname="test.BellEndToEndExtended">
    <skipped/>
  </testcase> <!-- ReferralrequestLabelDisplayedAndEnabled -->
  <testcase name="TrackOrderSectionTwoText" time="0.001" classname="test.BellEndToEndExtended">
    <skipped/>
  </testcase> <!-- TrackOrderSectionTwoText -->
  <testcase name="YourInfoRequiredFieldValidation" time="0.003" classname="test.BellEndToEndExtended">
    <skipped/>
  </testcase> <!-- YourInfoRequiredFieldValidation -->
  <testcase name="CheckingReferralRequest" time="0.004" classname="test.BellEndToEndExtended">
    <skipped/>
  </testcase> <!-- CheckingReferralRequest -->
  <testcase name="ShippingInfoBackButtonValidation" time="0.006" classname="test.BellEndToEndExtended">
    <skipped/>
  </testcase> <!-- ShippingInfoBackButtonValidation -->
  <testcase name="TrackOrderResendButton" time="0.000" classname="test.BellEndToEndExtended">
    <skipped/>
  </testcase> <!-- TrackOrderResendButton -->
  <testcase name="ReferralRequestBellLogo" time="0.002" classname="test.BellEndToEndExtended">
    <skipped/>
  </testcase> <!-- ReferralRequestBellLogo -->
  <testcase name="OrderSummaryHeadertextValidation" time="0.001" classname="test.BellEndToEndExtended">
    <skipped/>
  </testcase> <!-- OrderSummaryHeadertextValidation -->
  <testcase name="ShippingInfoSendInputs" time="0.004" classname="test.BellEndToEndExtended">
    <skipped/>
  </testcase> <!-- ShippingInfoSendInputs -->
  <testcase name="YourInfoNumericFeild" time="0.003" classname="test.BellEndToEndExtended">
    <skipped/>
  </testcase> <!-- YourInfoNumericFeild -->
  <testcase name="TrackOrderPage" time="0.001" classname="test.BellEndToEndExtended">
    <skipped/>
  </testcase> <!-- TrackOrderPage -->
  <testcase name="HomePageM2MDotComvalidation" time="0.003" classname="test.BellEndToEndExtended">
    <skipped/>
  </testcase> <!-- HomePageM2MDotComvalidation -->
  <testcase name="BillingCheckBoxVaildation" time="0.001" classname="test.BellEndToEndExtended">
    <skipped/>
  </testcase> <!-- BillingCheckBoxVaildation -->
  <testcase name="YourInfoBellLogoValidation" time="0.007" classname="test.BellEndToEndExtended">
    <skipped/>
  </testcase> <!-- YourInfoBellLogoValidation -->
  <testcase name="Trackorderpageredirection" time="0.001" classname="test.BellEndToEndExtended">
    <skipped/>
  </testcase> <!-- Trackorderpageredirection -->
  <testcase name="BellLogoValidation" time="0.001" classname="test.BellEndToEndExtended">
    <skipped/>
  </testcase> <!-- BellLogoValidation -->
  <testcase name="shippingInfoInputField" time="0.005" classname="test.BellEndToEndExtended">
    <skipped/>
  </testcase> <!-- shippingInfoInputField -->
  <testcase name="OrderSummaryTrackOrderValidation" time="0.001" classname="test.BellEndToEndExtended">
    <skipped/>
  </testcase> <!-- OrderSummaryTrackOrderValidation -->
  <testcase name="HomePageEnterrefrralCodeErrorvalidation" time="0.003" classname="test.BellEndToEndExtended">
    <skipped/>
  </testcase> <!-- HomePageEnterrefrralCodeErrorvalidation -->
  <testcase name="YourInfoMaximumInputValidation" time="0.001" classname="test.BellEndToEndExtended">
    <skipped/>
  </testcase> <!-- YourInfoMaximumInputValidation -->
  <testcase name="ReferralRequestTextValiadtion" time="0.008" classname="test.BellEndToEndExtended">
    <skipped/>
  </testcase> <!-- ReferralRequestTextValiadtion -->
  <testcase name="HomePagesectionFivePartners" time="0.004" classname="test.BellEndToEndExtended">
    <skipped/>
  </testcase> <!-- HomePagesectionFivePartners -->
  <testcase name="BackToIOT" time="0.003" classname="test.BellEndToEndExtended">
    <skipped/>
  </testcase> <!-- BackToIOT -->
  <testcase name="HomePageBellLogoValidation" time="0.008" classname="test.BellEndToEndExtended">
    <skipped/>
  </testcase> <!-- HomePageBellLogoValidation -->
  <testcase name="ReferralRequestMinimumInputValidation" time="0.004" classname="test.BellEndToEndExtended">
    <skipped/>
  </testcase> <!-- ReferralRequestMinimumInputValidation -->
  <testcase name="ThankYouBellLogo" time="0.026" classname="test.BellEndToEndExtended">
    <skipped/>
  </testcase> <!-- ThankYouBellLogo -->
  <testcase name="ShippingInfovalidateOperatorLogo" time="0.003" classname="test.BellEndToEndExtended">
    <skipped/>
  </testcase> <!-- ShippingInfovalidateOperatorLogo -->
  <testcase name="HomePageCiscoLogo" time="0.004" classname="test.BellEndToEndExtended">
    <skipped/>
  </testcase> <!-- HomePageCiscoLogo -->
  <testcase name="HomePagesectionFourWhatIsIotValidation" time="0.005" classname="test.BellEndToEndExtended">
    <skipped/>
  </testcase> <!-- HomePagesectionFourWhatIsIotValidation -->
  <testcase name="ShippingInfoLinkButton" time="0.006" classname="test.BellEndToEndExtended">
    <skipped/>
  </testcase> <!-- ShippingInfoLinkButton -->
  <testcase name="OrderSummaryBellLogoValidation" time="0.003" classname="test.BellEndToEndExtended">
    <skipped/>
  </testcase> <!-- OrderSummaryBellLogoValidation -->
  <testcase name="CCPasswordValidation" time="0.001" classname="test.BellEndToEndExtended">
    <skipped/>
  </testcase> <!-- CCPasswordValidation -->
  <testcase name="YourInfoValidInputValidation" time="0.002" classname="test.BellEndToEndExtended">
    <skipped/>
  </testcase> <!-- YourInfoValidInputValidation -->
  <testcase name="TermsOfServicePopUpCloseIcon" time="0.003" classname="test.BellEndToEndExtended">
    <skipped/>
  </testcase> <!-- TermsOfServicePopUpCloseIcon -->
  <testcase name="TrackOrderOperatorLogo" time="0.001" classname="test.BellEndToEndExtended">
    <skipped/>
  </testcase> <!-- TrackOrderOperatorLogo -->
  <testcase name="ThankYouIOTPagevalidation" time="0.002" classname="test.BellEndToEndExtended">
    <skipped/>
  </testcase> <!-- ThankYouIOTPagevalidation -->
  <testcase name="ReferralrequestSpaceNotAllowedValiadation" time="0.002" classname="test.BellEndToEndExtended">
    <skipped/>
  </testcase> <!-- ReferralrequestSpaceNotAllowedValiadation -->
  <testcase name="ShippingInfoMinimumInputValidation" time="0.001" classname="test.BellEndToEndExtended">
    <skipped/>
  </testcase> <!-- ShippingInfoMinimumInputValidation -->
  <testcase name="HomePageBellLogo" time="0.012" classname="test.BellEndToEndExtended">
    <skipped/>
  </testcase> <!-- HomePageBellLogo -->
  <testcase name="HomePageSecTwoWhatThekitIncludesToolsvalidation" time="0.003" classname="test.BellEndToEndExtended">
    <skipped/>
  </testcase> <!-- HomePageSecTwoWhatThekitIncludesToolsvalidation -->
  <testcase name="BillingInfoTextvalidation" time="0.003" classname="test.BellEndToEndExtended">
    <skipped/>
  </testcase> <!-- BillingInfoTextvalidation -->
  <testcase name="ShippingInfoMaximumInputValidation" time="0.001" classname="test.BellEndToEndExtended">
    <skipped/>
  </testcase> <!-- ShippingInfoMaximumInputValidation -->
  <testcase name="BillingInfoLabelText" time="0.001" classname="test.BellEndToEndExtended">
    <skipped/>
  </testcase> <!-- BillingInfoLabelText -->
  <testcase name="orderSummaryShipBillAddressVAlidation" time="0.001" classname="test.BellEndToEndExtended">
    <skipped/>
  </testcase> <!-- orderSummaryShipBillAddressVAlidation -->
  <testcase name="BackButtonValidation" time="0.032" classname="test.BellEndToEndExtended">
    <skipped/>
  </testcase> <!-- BackButtonValidation -->
  <testcase name="HomePageReferralCodeValidation" time="0.004" classname="test.BellEndToEndExtended">
    <skipped/>
  </testcase> <!-- HomePageReferralCodeValidation -->
  <testcase name="CCDisplayedAndEnabledValidation" time="0.003" classname="test.BellEndToEndExtended">
    <skipped/>
  </testcase> <!-- CCDisplayedAndEnabledValidation -->
  <testcase name="ReferralRequestMaximumInputValidation" time="0.002" classname="test.BellEndToEndExtended">
    <skipped/>
  </testcase> <!-- ReferralRequestMaximumInputValidation -->
  <testcase name="TrackOrderComapnyLogo" time="0.001" classname="test.BellEndToEndExtended">
    <skipped/>
  </testcase> <!-- TrackOrderComapnyLogo -->
  <testcase name="TrackOrderBellLogoHomePage" time="0.001" classname="test.BellEndToEndExtended">
    <skipped/>
  </testcase> <!-- TrackOrderBellLogoHomePage -->
  <testcase name="RferrralRequestcancelButton" time="0.002" classname="test.BellEndToEndExtended">
    <skipped/>
  </testcase> <!-- RferrralRequestcancelButton -->
  <testcase name="BillingInfoSpaceNotAllowedvalidatoin" time="0.001" classname="test.BellEndToEndExtended">
    <skipped/>
  </testcase> <!-- BillingInfoSpaceNotAllowedvalidatoin -->
  <testcase name="ShippingEditButtonValidation" time="0.001" classname="test.BellEndToEndExtended">
    <skipped/>
  </testcase> <!-- ShippingEditButtonValidation -->
  <testcase name="ReviewConfirmCancelButton" time="0.001" classname="test.BellEndToEndExtended">
    <skipped/>
  </testcase> <!-- ReviewConfirmCancelButton -->
  <testcase name="ReferralRequestNumericFeild" time="0.019" classname="test.BellEndToEndExtended">
    <skipped/>
  </testcase> <!-- ReferralRequestNumericFeild -->
  <testcase name="ShippingInfoCancelButtonValidation" time="0.002" classname="test.BellEndToEndExtended">
    <skipped/>
  </testcase> <!-- ShippingInfoCancelButtonValidation -->
  <testcase name="AdminOrderFulFilling" time="0.003" classname="test.BellEndToEndExtended">
    <skipped/>
  </testcase> <!-- AdminOrderFulFilling -->
  <testcase name="BillingInfoSendInputs" time="0.002" classname="test.BellEndToEndExtended">
    <skipped/>
  </testcase> <!-- BillingInfoSendInputs -->
  <testcase name="ReferralRequestCompanyLogo" time="0.003" classname="test.BellEndToEndExtended">
    <skipped/>
  </testcase> <!-- ReferralRequestCompanyLogo -->
  <testcase name="HomePageSecOneReferralRequesButton" time="0.005" classname="test.BellEndToEndExtended">
    <skipped/>
  </testcase> <!-- HomePageSecOneReferralRequesButton -->
  <testcase name="OrderSummarysectionTwoTextValidation" time="0.001" classname="test.BellEndToEndExtended">
    <skipped/>
  </testcase> <!-- OrderSummarysectionTwoTextValidation -->
  <testcase name="ReferralRequestAdminApproval" time="0.004" classname="test.BellEndToEndExtended">
    <skipped/>
  </testcase> <!-- ReferralRequestAdminApproval -->
  <testcase name="OrderSummaryCompanyLogo" time="0.001" classname="test.BellEndToEndExtended">
    <skipped/>
  </testcase> <!-- OrderSummaryCompanyLogo -->
  <testcase name="BillingInfovalidateCompanyLogo" time="0.001" classname="test.BellEndToEndExtended">
    <skipped/>
  </testcase> <!-- BillingInfovalidateCompanyLogo -->
  <testcase name="ReferralRequestBellLogoValidation" time="0.003" classname="test.BellEndToEndExtended">
    <skipped/>
  </testcase> <!-- ReferralRequestBellLogoValidation -->
  <testcase name="ReviewConfirmSectionOneTextValidation" time="0.001" classname="test.BellEndToEndExtended">
    <skipped/>
  </testcase> <!-- ReviewConfirmSectionOneTextValidation -->
  <testcase name="BillingInfoMaximumInputValidation" time="0.001" classname="test.BellEndToEndExtended">
    <skipped/>
  </testcase> <!-- BillingInfoMaximumInputValidation -->
  <testcase name="YourInfocancelButton" time="0.006" classname="test.BellEndToEndExtended">
    <skipped/>
  </testcase> <!-- YourInfocancelButton -->
  <testcase name="TermsOfServicePDFDownload" time="0.003" classname="test.BellEndToEndExtended">
    <skipped/>
  </testcase> <!-- TermsOfServicePDFDownload -->
  <testcase name="YourInfoBellCaLinkvalidation" time="0.003" classname="test.BellEndToEndExtended">
    <skipped/>
  </testcase> <!-- YourInfoBellCaLinkvalidation -->
  <testcase name="ShippingInfoSpaceNotAllowedvalidatoin" time="0.001" classname="test.BellEndToEndExtended">
    <skipped/>
  </testcase> <!-- ShippingInfoSpaceNotAllowedvalidatoin -->
  <testcase name="BillingInfoRequiredFieldvalidatoin" time="0.001" classname="test.BellEndToEndExtended">
    <skipped/>
  </testcase> <!-- BillingInfoRequiredFieldvalidatoin -->
  <testcase name="DeletingPreviousEmail" time="0.000" classname="test.BellEndToEndExtended">
    <error type="org.openqa.selenium.StaleElementReferenceException" message="Element is no longer attached to the DOM
Command duration or timeout: 199 milliseconds
For documentation on this error, please visit: http://seleniumhq.org/exceptions/stale_element_reference.html
Build info: version: &#039;3.0.0-beta4&#039;, revision: &#039;3169782&#039;, time: &#039;2016-09-29 10:29:23 -0700&#039;
System info: host: &#039;Gokul&#039;, ip: &#039;192.168.1.4&#039;, os.name: &#039;Windows 8&#039;, os.arch: &#039;amd64&#039;, os.version: &#039;6.2&#039;, java.version: &#039;1.8.0_101&#039;
Driver info: org.openqa.selenium.firefox.FirefoxDriver
Capabilities [{applicationCacheEnabled=true, rotatable=false, handlesAlerts=true, databaseEnabled=true, version=47.0.1, platform=WINDOWS, nativeEvents=false, acceptSslCerts=true, webStorageEnabled=true, locationContextEnabled=true, browserName=firefox, takesScreenshot=true, javascriptEnabled=true, cssSelectorsEnabled=true}]
Session ID: df0f882d-3da3-44fb-8c52-9c9bfff6d32c">
      <![CDATA[org.openqa.selenium.StaleElementReferenceException: Element is no longer attached to the DOM
Command duration or timeout: 199 milliseconds
For documentation on this error, please visit: http://seleniumhq.org/exceptions/stale_element_reference.html
Build info: version: '3.0.0-beta4', revision: '3169782', time: '2016-09-29 10:29:23 -0700'
System info: host: 'Gokul', ip: '192.168.1.4', os.name: 'Windows 8', os.arch: 'amd64', os.version: '6.2', java.version: '1.8.0_101'
Driver info: org.openqa.selenium.firefox.FirefoxDriver
Capabilities [{applicationCacheEnabled=true, rotatable=false, handlesAlerts=true, databaseEnabled=true, version=47.0.1, platform=WINDOWS, nativeEvents=false, acceptSslCerts=true, webStorageEnabled=true, locationContextEnabled=true, browserName=firefox, takesScreenshot=true, javascriptEnabled=true, cssSelectorsEnabled=true}]
Session ID: df0f882d-3da3-44fb-8c52-9c9bfff6d32c
	at sun.reflect.NativeConstructorAccessorImpl.newInstance0(Native Method)
	at sun.reflect.NativeConstructorAccessorImpl.newInstance(NativeConstructorAccessorImpl.java:62)
	at sun.reflect.DelegatingConstructorAccessorImpl.newInstance(DelegatingConstructorAccessorImpl.java:45)
	at java.lang.reflect.Constructor.newInstance(Constructor.java:423)
	at org.openqa.selenium.remote.ErrorHandler.createThrowable(ErrorHandler.java:206)
	at org.openqa.selenium.remote.ErrorHandler.throwIfResponseFailed(ErrorHandler.java:158)
	at org.openqa.selenium.remote.RemoteWebDriver.execute(RemoteWebDriver.java:636)
	at org.openqa.selenium.remote.RemoteWebElement.execute(RemoteWebElement.java:284)
	at org.openqa.selenium.remote.RemoteWebElement.isDisplayed(RemoteWebElement.java:325)
	at pages.EmailIntegration.DeleteAllEmail(EmailIntegration.java:75)
	at test.BellEndToEndExtended.DeletingPreviousEmail(BellEndToEndExtended.java:42)
	at sun.reflect.NativeMethodAccessorImpl.invoke0(Native Method)
	at sun.reflect.NativeMethodAccessorImpl.invoke(NativeMethodAccessorImpl.java:62)
	at sun.reflect.DelegatingMethodAccessorImpl.invoke(DelegatingMethodAccessorImpl.java:43)
	at java.lang.reflect.Method.invoke(Method.java:498)
	at org.testng.internal.MethodInvocationHelper.invokeMethod(MethodInvocationHelper.java:104)
	at org.testng.internal.Invoker.invokeConfigurationMethod(Invoker.java:515)
	at org.testng.internal.Invoker.invokeConfigurations(Invoker.java:217)
	at org.testng.internal.Invoker.invokeConfigurations(Invoker.java:144)
	at org.testng.TestRunner.beforeRun(TestRunner.java:634)
	at org.testng.TestRunner.run(TestRunner.java:602)
	at org.testng.SuiteRunner.runTest(SuiteRunner.java:387)
	at org.testng.SuiteRunner.runSequentially(SuiteRunner.java:382)
	at org.testng.SuiteRunner.privateRun(SuiteRunner.java:340)
	at org.testng.SuiteRunner.run(SuiteRunner.java:289)
	at org.testng.SuiteRunnerWorker.runSuite(SuiteRunnerWorker.java:52)
	at org.testng.SuiteRunnerWorker.run(SuiteRunnerWorker.java:86)
	at org.testng.TestNG.runSuitesSequentially(TestNG.java:1293)
	at org.testng.TestNG.runSuitesLocally(TestNG.java:1218)
	at org.testng.TestNG.runSuites(TestNG.java:1133)
	at org.testng.TestNG.run(TestNG.java:1104)
	at org.testng.remote.AbstractRemoteTestNG.run(AbstractRemoteTestNG.java:132)
	at org.testng.remote.RemoteTestNG.initAndRun(RemoteTestNG.java:236)
	at org.testng.remote.RemoteTestNG.main(RemoteTestNG.java:81)
Caused by: org.openqa.selenium.StaleElementReferenceException: Element is no longer attached to the DOM
For documentation on this error, please visit: http://seleniumhq.org/exceptions/stale_element_reference.html
Build info: version: '3.0.0-beta4', revision: '3169782', time: '2016-09-29 10:29:23 -0700'
System info: host: 'Gokul', ip: '192.168.1.4', os.name: 'Windows 8', os.arch: 'amd64', os.version: '6.2', java.version: '1.8.0_101'
Driver info: driver.version: unknown
	at <anonymous class>.fxdriver.cache.getElementAt(resource://fxdriver/modules/web-element-cache.js:9531)
	at <anonymous class>.Utils.getElementAt(file:///C:/Users/Sada/AppData/Local/Temp/anonymous8899112754871069181webdriver-profile/extensions/fxdriver@googlecode.com/components/command-processor.js:10202)
	at <anonymous class>.WebElement.isElementDisplayed(file:///C:/Users/Sada/AppData/Local/Temp/anonymous8899112754871069181webdriver-profile/extensions/fxdriver@googlecode.com/components/command-processor.js:12569)
	at <anonymous class>.DelayedCommand.prototype.executeInternal_/h(file:///C:/Users/Sada/AppData/Local/Temp/anonymous8899112754871069181webdriver-profile/extensions/fxdriver@googlecode.com/components/command-processor.js:12698)
	at <anonymous class>.DelayedCommand.prototype.executeInternal_(file:///C:/Users/Sada/AppData/Local/Temp/anonymous8899112754871069181webdriver-profile/extensions/fxdriver@googlecode.com/components/command-processor.js:12703)
	at <anonymous class>.DelayedCommand.prototype.execute/<(file:///C:/Users/Sada/AppData/Local/Temp/anonymous8899112754871069181webdriver-profile/extensions/fxdriver@googlecode.com/components/command-processor.js:12645)
]]>
    </error>
  </testcase> <!-- DeletingPreviousEmail -->
  <testcase name="BillingCardDetailsLabelText" time="0.001" classname="test.BellEndToEndExtended">
    <skipped/>
  </testcase> <!-- BillingCardDetailsLabelText -->
  <testcase name="ThankYouCiscoLogo" time="0.014" classname="test.BellEndToEndExtended">
    <skipped/>
  </testcase> <!-- ThankYouCiscoLogo -->
  <testcase name="sectionOneReferralRequestvalidation" time="0.008" classname="test.BellEndToEndExtended">
    <skipped/>
  </testcase> <!-- sectionOneReferralRequestvalidation -->
  <testcase name="ReferralRequestValidInputValidation" time="0.003" classname="test.BellEndToEndExtended">
    <skipped/>
  </testcase> <!-- ReferralRequestValidInputValidation -->
  <testcase name="YourInfoTextValiadtion" time="0.001" classname="test.BellEndToEndExtended">
    <skipped/>
  </testcase> <!-- YourInfoTextValiadtion -->
  <testcase name="ReviewConfirmBellLogo" time="0.001" classname="test.BellEndToEndExtended">
    <skipped/>
  </testcase> <!-- ReviewConfirmBellLogo -->
  <testcase name="CheckingReferralCodeEmail" time="0.046" classname="test.BellEndToEndExtended">
    <skipped/>
  </testcase> <!-- CheckingReferralCodeEmail -->
  <testcase name="CCContentValidation" time="0.003" classname="test.BellEndToEndExtended">
    <skipped/>
  </testcase> <!-- CCContentValidation -->
  <testcase name="ShippingInfoTextvalidation" time="0.001" classname="test.BellEndToEndExtended">
    <skipped/>
  </testcase> <!-- ShippingInfoTextvalidation -->
  <testcase name="ReviewConfirmButton" time="0.001" classname="test.BellEndToEndExtended">
    <skipped/>
  </testcase> <!-- ReviewConfirmButton -->
  <testcase name="OrderSummarysectionThreeTextValidation" time="0.011" classname="test.BellEndToEndExtended">
    <skipped/>
  </testcase> <!-- OrderSummarysectionThreeTextValidation -->
  <testcase name="HomePagesectionFiveLTE" time="0.015" classname="test.BellEndToEndExtended">
    <skipped/>
  </testcase> <!-- HomePagesectionFiveLTE -->
  <testcase name="BrowserIntilation" time="0.006" classname="test.BellEndToEndExtended">
    <skipped/>
  </testcase> <!-- BrowserIntilation -->
  <testcase name="ReferralRequestBellCaLinkvalidation" time="0.004" classname="test.BellEndToEndExtended">
    <skipped/>
  </testcase> <!-- ReferralRequestBellCaLinkvalidation -->
  <testcase name="CCUserNameMinMaxValidation" time="0.003" classname="test.BellEndToEndExtended">
    <skipped/>
  </testcase> <!-- CCUserNameMinMaxValidation -->
  <testcase name="BillingInfovalidateOperatorLogo" time="0.003" classname="test.BellEndToEndExtended">
    <skipped/>
  </testcase> <!-- BillingInfovalidateOperatorLogo -->
  <testcase name="HomePagesectionFiveEndToEnd" time="0.003" classname="test.BellEndToEndExtended">
    <skipped/>
  </testcase> <!-- HomePagesectionFiveEndToEnd -->
  <testcase name="DeletingPrevEmail" time="0.002" classname="test.BellEndToEndExtended">
    <skipped/>
  </testcase> <!-- DeletingPrevEmail -->
  <testcase name="HomePageTrackOrderErrorValidation" time="0.032" classname="test.BellEndToEndExtended">
    <skipped/>
  </testcase> <!-- HomePageTrackOrderErrorValidation -->
</testsuite> <!-- test.BellEndToEndExtended -->
