<?xml version="1.0" encoding="UTF-8"?>
<!-- Generated by org.testng.reporters.JUnitReportReporter -->
<testsuite name="test.BellEndToEndM1AndM2" tests="28" time="222.918" ignored="0" failures="0" timestamp="22 Mar 2017 12:53:52 GMT" skipped="0" hostname="Gokul" errors="2">
  <testcase name="HomePageLearnMoreFromBell" time="27.272" classname="test.BellEndToEndM1AndM2"/>
  <testcase name="HomePageBellLogo" time="1.565" classname="test.BellEndToEndM1AndM2"/>
  <testcase name="HomePagesectionFivePartners" time="2.527" classname="test.BellEndToEndM1AndM2"/>
  <testcase name="HomePageSecTwoWhatThekitIncludesCentervalidation" time="0.646" classname="test.BellEndToEndM1AndM2"/>
  <testcase name="HomePageTrackOrderErrorValidation" time="13.556" classname="test.BellEndToEndM1AndM2"/>
  <testcase name="HomePageEnterrefrralCodeErrorvalidation" time="5.945" classname="test.BellEndToEndM1AndM2"/>
  <testcase name="HomePageSectwoReferralRequestButton" time="29.533" classname="test.BellEndToEndM1AndM2"/>
  <testcase name="ReferralRequestTextValiadtion" time="8.125" classname="test.BellEndToEndM1AndM2"/>
  <testcase name="HomePagesectionFiveWithBell" time="3.692" classname="test.BellEndToEndM1AndM2"/>
  <testcase name="HomePageM2MDotComvalidation" time="21.083" classname="test.BellEndToEndM1AndM2"/>
  <testcase name="HomePageSecOneTextValidation" time="4.857" classname="test.BellEndToEndM1AndM2"/>
  <testcase name="ReferralRequestBellLogo" time="1.404" classname="test.BellEndToEndM1AndM2"/>
  <testcase name="HomePageSecTwoContentValidation" time="8.763" classname="test.BellEndToEndM1AndM2"/>
  <testcase name="sectionOneReferralRequestvalidation" time="11.652" classname="test.BellEndToEndM1AndM2"/>
  <testcase name="HomePageReferralCodeValidation" time="13.929" classname="test.BellEndToEndM1AndM2"/>
  <testcase name="HomePagesectionFiveEndToEnd" time="2.504" classname="test.BellEndToEndM1AndM2"/>
  <testcase name="HomePageTrackOrderValidation" time="10.019" classname="test.BellEndToEndM1AndM2"/>
  <testcase name="HomePageBellLogoValidation" time="5.447" classname="test.BellEndToEndM1AndM2">
    <error type="org.openqa.selenium.InvalidArgumentException" message="Element is not clickable at point (84.5, 20). Other element would receive the click: &lt;div class=&quot;text-center&quot;&gt;&lt;/div&gt;
Command duration or timeout: 316 milliseconds
Build info: version: &#039;3.0.0-beta4&#039;, revision: &#039;3169782&#039;, time: &#039;2016-09-29 10:29:23 -0700&#039;
System info: host: &#039;Gokul&#039;, ip: &#039;192.168.1.9&#039;, os.name: &#039;Windows 8&#039;, os.arch: &#039;amd64&#039;, os.version: &#039;6.2&#039;, java.version: &#039;1.8.0_101&#039;
Driver info: org.openqa.selenium.firefox.FirefoxDriver
Capabilities [{applicationCacheEnabled=true, rotatable=false, handlesAlerts=true, databaseEnabled=true, version=47.0.1, platform=WINDOWS, nativeEvents=false, acceptSslCerts=true, webStorageEnabled=true, locationContextEnabled=true, browserName=firefox, takesScreenshot=true, javascriptEnabled=true, cssSelectorsEnabled=true}]
Session ID: cc0dcaca-07ca-40f6-83fe-3f6546ff0be6">
      <![CDATA[org.openqa.selenium.InvalidArgumentException: Element is not clickable at point (84.5, 20). Other element would receive the click: <div class="text-center"></div>
Command duration or timeout: 316 milliseconds
Build info: version: '3.0.0-beta4', revision: '3169782', time: '2016-09-29 10:29:23 -0700'
System info: host: 'Gokul', ip: '192.168.1.9', os.name: 'Windows 8', os.arch: 'amd64', os.version: '6.2', java.version: '1.8.0_101'
Driver info: org.openqa.selenium.firefox.FirefoxDriver
Capabilities [{applicationCacheEnabled=true, rotatable=false, handlesAlerts=true, databaseEnabled=true, version=47.0.1, platform=WINDOWS, nativeEvents=false, acceptSslCerts=true, webStorageEnabled=true, locationContextEnabled=true, browserName=firefox, takesScreenshot=true, javascriptEnabled=true, cssSelectorsEnabled=true}]
Session ID: cc0dcaca-07ca-40f6-83fe-3f6546ff0be6
	at sun.reflect.NativeConstructorAccessorImpl.newInstance0(Native Method)
	at sun.reflect.NativeConstructorAccessorImpl.newInstance(NativeConstructorAccessorImpl.java:62)
	at sun.reflect.DelegatingConstructorAccessorImpl.newInstance(DelegatingConstructorAccessorImpl.java:45)
	at java.lang.reflect.Constructor.newInstance(Constructor.java:423)
	at org.openqa.selenium.remote.ErrorHandler.createThrowable(ErrorHandler.java:206)
	at org.openqa.selenium.remote.ErrorHandler.throwIfResponseFailed(ErrorHandler.java:164)
	at org.openqa.selenium.remote.RemoteWebDriver.execute(RemoteWebDriver.java:636)
	at org.openqa.selenium.remote.RemoteWebElement.execute(RemoteWebElement.java:284)
	at org.openqa.selenium.remote.RemoteWebElement.click(RemoteWebElement.java:84)
	at sun.reflect.GeneratedMethodAccessor2.invoke(Unknown Source)
	at sun.reflect.DelegatingMethodAccessorImpl.invoke(DelegatingMethodAccessorImpl.java:43)
	at java.lang.reflect.Method.invoke(Method.java:498)
	at org.openqa.selenium.support.pagefactory.internal.LocatingElementHandler.invoke(LocatingElementHandler.java:51)
	at com.sun.proxy.$Proxy6.click(Unknown Source)
	at utilitymethods.UtilityMethods.pageRedirection(UtilityMethods.java:126)
	at pages.BellHomePage.bellLogoValidation(BellHomePage.java:268)
	at test.BellEndToEndM1AndM2.HomePageBellLogoValidation(BellEndToEndM1AndM2.java:149)
	at sun.reflect.NativeMethodAccessorImpl.invoke0(Native Method)
	at sun.reflect.NativeMethodAccessorImpl.invoke(NativeMethodAccessorImpl.java:62)
	at sun.reflect.DelegatingMethodAccessorImpl.invoke(DelegatingMethodAccessorImpl.java:43)
	at java.lang.reflect.Method.invoke(Method.java:498)
	at org.testng.internal.MethodInvocationHelper.invokeMethod(MethodInvocationHelper.java:104)
	at org.testng.internal.Invoker.invokeMethod(Invoker.java:645)
	at org.testng.internal.Invoker.invokeTestMethod(Invoker.java:851)
	at org.testng.internal.Invoker.invokeTestMethods(Invoker.java:1177)
	at org.testng.internal.TestMethodWorker.invokeTestMethods(TestMethodWorker.java:129)
	at org.testng.internal.TestMethodWorker.run(TestMethodWorker.java:112)
	at org.testng.TestRunner.privateRun(TestRunner.java:756)
	at org.testng.TestRunner.run(TestRunner.java:610)
	at org.testng.SuiteRunner.runTest(SuiteRunner.java:387)
	at org.testng.SuiteRunner.runSequentially(SuiteRunner.java:382)
	at org.testng.SuiteRunner.privateRun(SuiteRunner.java:340)
	at org.testng.SuiteRunner.run(SuiteRunner.java:289)
	at org.testng.SuiteRunnerWorker.runSuite(SuiteRunnerWorker.java:52)
	at org.testng.SuiteRunnerWorker.run(SuiteRunnerWorker.java:86)
	at org.testng.TestNG.runSuitesSequentially(TestNG.java:1293)
	at org.testng.TestNG.runSuitesLocally(TestNG.java:1218)
	at org.testng.TestNG.runSuites(TestNG.java:1133)
	at org.testng.TestNG.run(TestNG.java:1104)
	at org.testng.remote.AbstractRemoteTestNG.run(AbstractRemoteTestNG.java:132)
	at org.testng.remote.RemoteTestNG.initAndRun(RemoteTestNG.java:236)
	at org.testng.remote.RemoteTestNG.main(RemoteTestNG.java:81)
]]>
    </error>
  </testcase> <!-- HomePageBellLogoValidation -->
  <testcase name="HomePageSecTwoWhatThekitIncludesToolsvalidation" time="0.740" classname="test.BellEndToEndM1AndM2"/>
  <testcase name="HomePagesectionFourWhatIsIotValidation" time="2.454" classname="test.BellEndToEndM1AndM2"/>
  <testcase name="ReferralRequestCompanyLogo" time="1.331" classname="test.BellEndToEndM1AndM2"/>
  <testcase name="HomePagesectionFiveLTE" time="2.547" classname="test.BellEndToEndM1AndM2"/>
  <testcase name="BrowserIntilation" time="25.490" classname="test.BellEndToEndM1AndM2"/>
  <testcase name="HomePageSecOneReferralRequesButton" time="6.662" classname="test.BellEndToEndM1AndM2">
    <error type="org.openqa.selenium.InvalidArgumentException" message="Element is not clickable at point (298.53334045410156, 19.5). Other element would receive the click: &lt;div class=&quot;text-center&quot;&gt;&lt;/div&gt;
Command duration or timeout: 327 milliseconds
Build info: version: &#039;3.0.0-beta4&#039;, revision: &#039;3169782&#039;, time: &#039;2016-09-29 10:29:23 -0700&#039;
System info: host: &#039;Gokul&#039;, ip: &#039;192.168.1.9&#039;, os.name: &#039;Windows 8&#039;, os.arch: &#039;amd64&#039;, os.version: &#039;6.2&#039;, java.version: &#039;1.8.0_101&#039;
Driver info: org.openqa.selenium.firefox.FirefoxDriver
Capabilities [{applicationCacheEnabled=true, rotatable=false, handlesAlerts=true, databaseEnabled=true, version=47.0.1, platform=WINDOWS, nativeEvents=false, acceptSslCerts=true, webStorageEnabled=true, locationContextEnabled=true, browserName=firefox, takesScreenshot=true, javascriptEnabled=true, cssSelectorsEnabled=true}]
Session ID: cc0dcaca-07ca-40f6-83fe-3f6546ff0be6">
      <![CDATA[org.openqa.selenium.InvalidArgumentException: Element is not clickable at point (298.53334045410156, 19.5). Other element would receive the click: <div class="text-center"></div>
Command duration or timeout: 327 milliseconds
Build info: version: '3.0.0-beta4', revision: '3169782', time: '2016-09-29 10:29:23 -0700'
System info: host: 'Gokul', ip: '192.168.1.9', os.name: 'Windows 8', os.arch: 'amd64', os.version: '6.2', java.version: '1.8.0_101'
Driver info: org.openqa.selenium.firefox.FirefoxDriver
Capabilities [{applicationCacheEnabled=true, rotatable=false, handlesAlerts=true, databaseEnabled=true, version=47.0.1, platform=WINDOWS, nativeEvents=false, acceptSslCerts=true, webStorageEnabled=true, locationContextEnabled=true, browserName=firefox, takesScreenshot=true, javascriptEnabled=true, cssSelectorsEnabled=true}]
Session ID: cc0dcaca-07ca-40f6-83fe-3f6546ff0be6
	at sun.reflect.NativeConstructorAccessorImpl.newInstance0(Native Method)
	at sun.reflect.NativeConstructorAccessorImpl.newInstance(NativeConstructorAccessorImpl.java:62)
	at sun.reflect.DelegatingConstructorAccessorImpl.newInstance(DelegatingConstructorAccessorImpl.java:45)
	at java.lang.reflect.Constructor.newInstance(Constructor.java:423)
	at org.openqa.selenium.remote.ErrorHandler.createThrowable(ErrorHandler.java:206)
	at org.openqa.selenium.remote.ErrorHandler.throwIfResponseFailed(ErrorHandler.java:164)
	at org.openqa.selenium.remote.RemoteWebDriver.execute(RemoteWebDriver.java:636)
	at org.openqa.selenium.remote.RemoteWebElement.execute(RemoteWebElement.java:284)
	at org.openqa.selenium.remote.RemoteWebElement.click(RemoteWebElement.java:84)
	at sun.reflect.GeneratedMethodAccessor2.invoke(Unknown Source)
	at sun.reflect.DelegatingMethodAccessorImpl.invoke(DelegatingMethodAccessorImpl.java:43)
	at java.lang.reflect.Method.invoke(Method.java:498)
	at org.openqa.selenium.support.pagefactory.internal.LocatingElementHandler.invoke(LocatingElementHandler.java:51)
	at com.sun.proxy.$Proxy6.click(Unknown Source)
	at utilitymethods.UtilityMethods.pageRedirection(UtilityMethods.java:126)
	at pages.BellHomePage.sectionOneReferralRequestvalidation(BellHomePage.java:251)
	at test.BellEndToEndM1AndM2.HomePageSecOneReferralRequesButton(BellEndToEndM1AndM2.java:133)
	at sun.reflect.NativeMethodAccessorImpl.invoke0(Native Method)
	at sun.reflect.NativeMethodAccessorImpl.invoke(NativeMethodAccessorImpl.java:62)
	at sun.reflect.DelegatingMethodAccessorImpl.invoke(DelegatingMethodAccessorImpl.java:43)
	at java.lang.reflect.Method.invoke(Method.java:498)
	at org.testng.internal.MethodInvocationHelper.invokeMethod(MethodInvocationHelper.java:104)
	at org.testng.internal.Invoker.invokeMethod(Invoker.java:645)
	at org.testng.internal.Invoker.invokeTestMethod(Invoker.java:851)
	at org.testng.internal.Invoker.invokeTestMethods(Invoker.java:1177)
	at org.testng.internal.TestMethodWorker.invokeTestMethods(TestMethodWorker.java:129)
	at org.testng.internal.TestMethodWorker.run(TestMethodWorker.java:112)
	at org.testng.TestRunner.privateRun(TestRunner.java:756)
	at org.testng.TestRunner.run(TestRunner.java:610)
	at org.testng.SuiteRunner.runTest(SuiteRunner.java:387)
	at org.testng.SuiteRunner.runSequentially(SuiteRunner.java:382)
	at org.testng.SuiteRunner.privateRun(SuiteRunner.java:340)
	at org.testng.SuiteRunner.run(SuiteRunner.java:289)
	at org.testng.SuiteRunnerWorker.runSuite(SuiteRunnerWorker.java:52)
	at org.testng.SuiteRunnerWorker.run(SuiteRunnerWorker.java:86)
	at org.testng.TestNG.runSuitesSequentially(TestNG.java:1293)
	at org.testng.TestNG.runSuitesLocally(TestNG.java:1218)
	at org.testng.TestNG.runSuites(TestNG.java:1133)
	at org.testng.TestNG.run(TestNG.java:1104)
	at org.testng.remote.AbstractRemoteTestNG.run(AbstractRemoteTestNG.java:132)
	at org.testng.remote.RemoteTestNG.initAndRun(RemoteTestNG.java:236)
	at org.testng.remote.RemoteTestNG.main(RemoteTestNG.java:81)
]]>
    </error>
  </testcase> <!-- HomePageSecOneReferralRequesButton -->
  <testcase name="HomePagesectionTwoWhatThekitIncludesSuppportvalidation" time="1.978" classname="test.BellEndToEndM1AndM2"/>
  <testcase name="HomePagesectionOneLinkvalidation" time="5.149" classname="test.BellEndToEndM1AndM2"/>
  <testcase name="HomePagesectionThreeHowItWorksValidation" time="2.585" classname="test.BellEndToEndM1AndM2"/>
  <testcase name="HomePageCiscoLogo" time="1.463" classname="test.BellEndToEndM1AndM2"/>
</testsuite> <!-- test.BellEndToEndM1AndM2 -->
